Copyright 1986-2021 Xilinx, Inc. All Rights Reserved.
-----------------------------------------------------------------------------------------
| Tool Version : Vivado v.2021.2 (lin64) Build 3367213 Tue Oct 19 02:47:39 MDT 2021
| Date         : Mon Apr 13 17:22:21 2026
| Host         : ece-lnx-10 running 64-bit Red Hat Enterprise Linux release 8.10 (Ootpa)
| Command      : report_drc -file ./outputs/post_imp_drc.rpt
| Design       : bnn_fcc_timing
| Device       : xcu250-figd2104-2L-e
| Speed File   : -2L
| Design State : Partially Routed
-----------------------------------------------------------------------------------------

Report DRC

Table of Contents
-----------------
1. REPORT SUMMARY
2. REPORT DETAILS

1. REPORT SUMMARY
-----------------
            Netlist: bnn_fcc_timing
          Floorplan: design_1
      Design limits: <entire design considered>
           Ruledeck: default
             Max violations: <unlimited>
             Violations found: 1
+-----------+----------+-------------------+------------+
| Rule      | Severity | Description       | Violations |
+-----------+----------+-------------------+------------+
| RTSTAT-10 | Warning  | No routable loads | 1          |
+-----------+----------+-------------------+------------+

2. REPORT DETAILS
-----------------
RTSTAT-10#1 Warning
No routable loads  
10 net(s) have no routable loads. The problem bus(es) and/or net(s) are DUT/u_config_manager/threshold_rams[7][0][8]_i_6_n_0,
DUT/u_config_manager/u_bnn_core/layer3/p_19_out,
DUT/u_config_manager/weight_rams[0][0][7]_i_3__0_n_0, config_ready,
data_in_ready, data_out_data[3:0], data_out_valid.
Related violations: <none>


