Copyright 1986-2021 Xilinx, Inc. All Rights Reserved.
----------------------------------------------------------------------------------------------
| Tool Version      : Vivado v.2021.2 (lin64) Build 3367213 Tue Oct 19 02:47:39 MDT 2021
| Date              : Thu Apr 16 11:44:15 2026
| Host              : ece-lnx-10 running 64-bit Red Hat Enterprise Linux release 8.10 (Ootpa)
| Command           : report_timing_summary -file ./outputs/post_place_timing_summary.rpt
| Design            : bnn_fcc_timing
| Device            : xcu250-figd2104
| Speed File        : -2L  PRODUCTION 1.27 02-28-2020
| Temperature Grade : E
----------------------------------------------------------------------------------------------

Timing Summary Report

------------------------------------------------------------------------------------------------
| Timer Settings
| --------------
------------------------------------------------------------------------------------------------

  Enable Multi Corner Analysis               :  Yes
  Enable Pessimism Removal                   :  Yes
  Pessimism Removal Resolution               :  Nearest Common Node
  Enable Input Delay Default Clock           :  No
  Enable Preset / Clear Arcs                 :  No
  Disable Flight Delays                      :  No
  Ignore I/O Paths                           :  No
  Timing Early Launch at Borrowing Latches   :  No
  Borrow Time for Max Delay Exceptions       :  Yes
  Merge Timing Exceptions                    :  Yes

  Corner  Analyze    Analyze    
  Name    Max Paths  Min Paths  
  ------  ---------  ---------  
  Slow    Yes        Yes        
  Fast    Yes        Yes        


------------------------------------------------------------------------------------------------
| Report Methodology
| ------------------
------------------------------------------------------------------------------------------------

Rule       Severity  Description                                 Violations  
---------  --------  ------------------------------------------  ----------  
SYNTH-4    Warning   Shallow depth for a dedicated block RAM     8           
SYNTH-6    Warning   Timing of a RAM block might be sub-optimal  46          
SYNTH-11   Warning   DSP output not registered                   1           
TIMING-16  Warning   Large setup violation                       96          
TIMING-18  Warning   Missing input or output delay               155         

Note: This report is based on the most recent report_methodology run and may not be up-to-date. Run report_methodology on the current design for the latest report.



check_timing report

Table of Contents
-----------------
1. checking no_clock (0)
2. checking constant_clock (0)
3. checking pulse_width_clock (0)
4. checking unconstrained_internal_endpoints (0)
5. checking no_input_delay (86)
6. checking no_output_delay (9)
7. checking multiple_clock (0)
8. checking generated_clocks (0)
9. checking loops (0)
10. checking partial_input_delay (0)
11. checking partial_output_delay (0)
12. checking latch_loops (0)

1. checking no_clock (0)
------------------------
 There are 0 register/latch pins with no clock.


2. checking constant_clock (0)
------------------------------
 There are 0 register/latch pins with constant_clock.


3. checking pulse_width_clock (0)
---------------------------------
 There are 0 register/latch pins which need pulse_width check


4. checking unconstrained_internal_endpoints (0)
------------------------------------------------
 There are 0 pins that are not constrained for maximum delay.

 There are 0 pins that are not constrained for maximum delay due to constant clock.


5. checking no_input_delay (86)
-------------------------------
 There are 86 input ports with no input delay specified. (HIGH)

 There are 0 input ports with no input delay but user has a false path constraint.


6. checking no_output_delay (9)
-------------------------------
 There are 9 ports with no output delay specified. (HIGH)

 There are 0 ports with no output delay but user has a false path constraint

 There are 0 ports with no output delay but with a timing clock defined on it or propagating through it


7. checking multiple_clock (0)
------------------------------
 There are 0 register/latch pins with multiple clocks.


8. checking generated_clocks (0)
--------------------------------
 There are 0 generated clocks that are not connected to a clock source.


9. checking loops (0)
---------------------
 There are 0 combinational loops in the design.


10. checking partial_input_delay (0)
------------------------------------
 There are 0 input ports with partial input delay specified.


11. checking partial_output_delay (0)
-------------------------------------
 There are 0 ports with partial output delay specified.


12. checking latch_loops (0)
----------------------------
 There are 0 combinational latch loops in the design through latch input



------------------------------------------------------------------------------------------------
| Design Timing Summary
| ---------------------
------------------------------------------------------------------------------------------------

    WNS(ns)      TNS(ns)  TNS Failing Endpoints  TNS Total Endpoints      WHS(ns)      THS(ns)  THS Failing Endpoints  THS Total Endpoints     WPWS(ns)     TPWS(ns)  TPWS Failing Endpoints  TPWS Total Endpoints  
    -------      -------  ---------------------  -------------------      -------      -------  ---------------------  -------------------     --------     --------  ----------------------  --------------------  
     -1.999    -3278.158                   7861                13876       -0.105       -1.110                     53                13876       -0.569      -46.370                     326                  6775  


Timing constraints are not met.


------------------------------------------------------------------------------------------------
| Clock Summary
| -------------
------------------------------------------------------------------------------------------------

Clock  Waveform(ns)         Period(ns)      Frequency(MHz)
-----  ------------         ----------      --------------
clk    {0.000 0.500}        1.000           1000.000        


------------------------------------------------------------------------------------------------
| Intra Clock Table
| -----------------
------------------------------------------------------------------------------------------------

Clock             WNS(ns)      TNS(ns)  TNS Failing Endpoints  TNS Total Endpoints      WHS(ns)      THS(ns)  THS Failing Endpoints  THS Total Endpoints     WPWS(ns)     TPWS(ns)  TPWS Failing Endpoints  TPWS Total Endpoints  
-----             -------      -------  ---------------------  -------------------      -------      -------  ---------------------  -------------------     --------     --------  ----------------------  --------------------  
clk                -1.999    -3278.158                   7861                13876       -0.105       -1.110                     53                13876       -0.569      -46.370                     326                  6775  


------------------------------------------------------------------------------------------------
| Inter Clock Table
| -----------------
------------------------------------------------------------------------------------------------

From Clock    To Clock          WNS(ns)      TNS(ns)  TNS Failing Endpoints  TNS Total Endpoints      WHS(ns)      THS(ns)  THS Failing Endpoints  THS Total Endpoints  
----------    --------          -------      -------  ---------------------  -------------------      -------      -------  ---------------------  -------------------  


------------------------------------------------------------------------------------------------
| Other Path Groups Table
| -----------------------
------------------------------------------------------------------------------------------------

Path Group    From Clock    To Clock          WNS(ns)      TNS(ns)  TNS Failing Endpoints  TNS Total Endpoints      WHS(ns)      THS(ns)  THS Failing Endpoints  THS Total Endpoints  
----------    ----------    --------          -------      -------  ---------------------  -------------------      -------      -------  ---------------------  -------------------  


------------------------------------------------------------------------------------------------
| Timing Details
| --------------
------------------------------------------------------------------------------------------------


---------------------------------------------------------------------------------------------------
From Clock:  clk
  To Clock:  clk

Setup :         7861  Failing Endpoints,  Worst Slack       -1.999ns,  Total Violation    -3278.158ns
Hold  :           53  Failing Endpoints,  Worst Slack       -0.105ns,  Total Violation       -1.110ns
PW    :          326  Failing Endpoints,  Worst Slack       -0.569ns,  Total Violation      -46.370ns
---------------------------------------------------------------------------------------------------


Max Delay Paths
--------------------------------------------------------------------------------------
Slack (VIOLATED) :        -1.999ns  (required time - arrival time)
  Source:                 DUT/u_config_manager/cur_neuron_reg[5]_replica/C
                            (rising edge-triggered cell FDRE clocked by clk  {rise@0.000ns fall@0.500ns period=1.000ns})
  Destination:            DUT/u_bnn_core/layer1/gen_memory_banks[6].u_weight_bank/mem_reg_bram_0/ADDRARDADDR[5]
                            (rising edge-triggered cell RAMB36E2 clocked by clk  {rise@0.000ns fall@0.500ns period=1.000ns})
  Path Group:             clk
  Path Type:              Setup (Max at Slow Process Corner)
  Requirement:            1.000ns  (clk rise@1.000ns - clk rise@0.000ns)
  Data Path Delay:        2.543ns  (logic 1.684ns (66.221%)  route 0.859ns (33.779%))
  Logic Levels:           7  (DSP_A_B_DATA=1 DSP_ALU=1 DSP_M_DATA=1 DSP_MULTIPLIER=1 DSP_OUTPUT=1 DSP_PREADD_DATA=1 LUT4=1)
  Clock Path Skew:        -0.069ns (DCD - SCD + CPR)
    Destination Clock Delay (DCD):    3.351ns = ( 4.351 - 1.000 ) 
    Source Clock Delay      (SCD):    3.737ns
    Clock Pessimism Removal (CPR):    0.317ns
  Clock Uncertainty:      0.035ns  ((TSJ^2 + TIJ^2)^1/2 + DJ) / 2 + PE
    Total System Jitter     (TSJ):    0.071ns
    Total Input Jitter      (TIJ):    0.000ns
    Discrete Jitter          (DJ):    0.000ns
    Phase Error              (PE):    0.000ns

    Location             Delay type                Incr(ns)  Path(ns)    Netlist Resource(s)
  -------------------------------------------------------------------    -------------------
                         (clock clk rise edge)        0.000     0.000 r  
                                                      0.000     0.000 r  clk (IN)
                         net (fo=6780, unset)         3.737     3.737    DUT/u_config_manager/clk
    SLICE_X120Y641       FDRE                                         r  DUT/u_config_manager/cur_neuron_reg[5]_replica/C
  -------------------------------------------------------------------    -------------------
    SLICE_X120Y641       FDRE (Prop_AFF2_SLICEL_C_Q)
                                                      0.081     3.818 f  DUT/u_config_manager/cur_neuron_reg[5]_replica/Q
                         net (fo=3, estimated)        0.093     3.911    DUT/u_config_manager/cfg_neuron_idx_i[5]_repN
    SLICE_X120Y640       LUT4 (Prop_G6LUT_SLICEL_I1_O)
                                                      0.089     4.000 f  DUT/u_config_manager/cfg_weight_local_addr_i_4/O
                         net (fo=97, estimated)       0.257     4.257    DUT/u_bnn_core/layer1/cfg_weight_local_addr/A[2]
    DSP48E2_X16Y256      DSP_A_B_DATA (Prop_DSP_A_B_DATA_DSP48E2_A[2]_A2_DATA[2])
                                                      0.192     4.449 r  DUT/u_bnn_core/layer1/cfg_weight_local_addr/DSP_A_B_DATA_INST/A2_DATA[2]
                         net (fo=1, routed)           0.000     4.449    DUT/u_bnn_core/layer1/cfg_weight_local_addr/DSP_A_B_DATA.A2_DATA<2>
    DSP48E2_X16Y256      DSP_PREADD_DATA (Prop_DSP_PREADD_DATA_DSP48E2_A2_DATA[2]_A2A1[2])
                                                      0.076     4.525 r  DUT/u_bnn_core/layer1/cfg_weight_local_addr/DSP_PREADD_DATA_INST/A2A1[2]
                         net (fo=1, routed)           0.000     4.525    DUT/u_bnn_core/layer1/cfg_weight_local_addr/DSP_PREADD_DATA.A2A1<2>
    DSP48E2_X16Y256      DSP_MULTIPLIER (Prop_DSP_MULTIPLIER_DSP48E2_A2A1[2]_U[2])
                                                      0.505     5.030 f  DUT/u_bnn_core/layer1/cfg_weight_local_addr/DSP_MULTIPLIER_INST/U[2]
                         net (fo=1, routed)           0.000     5.030    DUT/u_bnn_core/layer1/cfg_weight_local_addr/DSP_MULTIPLIER.U<2>
    DSP48E2_X16Y256      DSP_M_DATA (Prop_DSP_M_DATA_DSP48E2_U[2]_U_DATA[2])
                                                      0.047     5.077 r  DUT/u_bnn_core/layer1/cfg_weight_local_addr/DSP_M_DATA_INST/U_DATA[2]
                         net (fo=1, routed)           0.000     5.077    DUT/u_bnn_core/layer1/cfg_weight_local_addr/DSP_M_DATA.U_DATA<2>
    DSP48E2_X16Y256      DSP_ALU (Prop_DSP_ALU_DSP48E2_U_DATA[2]_ALU_OUT[2])
                                                      0.585     5.662 f  DUT/u_bnn_core/layer1/cfg_weight_local_addr/DSP_ALU_INST/ALU_OUT[2]
                         net (fo=1, routed)           0.000     5.662    DUT/u_bnn_core/layer1/cfg_weight_local_addr/DSP_ALU.ALU_OUT<2>
    DSP48E2_X16Y256      DSP_OUTPUT (Prop_DSP_OUTPUT_DSP48E2_ALU_OUT[2]_P[2])
                                                      0.109     5.771 r  DUT/u_bnn_core/layer1/cfg_weight_local_addr/DSP_OUTPUT_INST/P[2]
                         net (fo=8, estimated)        0.509     6.280    DUT/u_bnn_core/layer1/gen_memory_banks[6].u_weight_bank/P[2]
    RAMB36_X8Y125        RAMB36E2                                     r  DUT/u_bnn_core/layer1/gen_memory_banks[6].u_weight_bank/mem_reg_bram_0/ADDRARDADDR[5]
  -------------------------------------------------------------------    -------------------

                         (clock clk rise edge)        1.000     1.000 r  
                                                      0.000     1.000 r  clk (IN)
                         net (fo=6780, unset)         3.351     4.351    DUT/u_bnn_core/layer1/gen_memory_banks[6].u_weight_bank/clk
    RAMB36_X8Y125        RAMB36E2                                     r  DUT/u_bnn_core/layer1/gen_memory_banks[6].u_weight_bank/mem_reg_bram_0/CLKARDCLK
                         clock pessimism              0.317     4.668    
                         clock uncertainty           -0.035     4.633    
    RAMB36_X8Y125        RAMB36E2 (Setup_RAMB36E2_RAMB36_CLKARDCLK_ADDRARDADDR[5])
                                                     -0.352     4.281    DUT/u_bnn_core/layer1/gen_memory_banks[6].u_weight_bank/mem_reg_bram_0
  -------------------------------------------------------------------
                         required time                          4.281    
                         arrival time                          -6.280    
  -------------------------------------------------------------------
                         slack                                 -1.999    





Min Delay Paths
--------------------------------------------------------------------------------------
Slack (VIOLATED) :        -0.105ns  (arrival time - required time)
  Source:                 DUT/u_bnn_core/layer2/activations_buffer_reg[61]/C
                            (rising edge-triggered cell FDRE clocked by clk  {rise@0.000ns fall@0.500ns period=1.000ns})
  Destination:            DUT/u_bnn_core/l2_activations_r_reg[61]/D
                            (rising edge-triggered cell FDRE clocked by clk  {rise@0.000ns fall@0.500ns period=1.000ns})
  Path Group:             clk
  Path Type:              Hold (Min at Slow Process Corner)
  Requirement:            0.000ns  (clk rise@0.000ns - clk rise@0.000ns)
  Data Path Delay:        0.136ns  (logic 0.059ns (43.382%)  route 0.077ns (56.618%))
  Logic Levels:           0  
  Clock Path Skew:        0.179ns (DCD - SCD - CPR)
    Destination Clock Delay (DCD):    3.717ns
    Source Clock Delay      (SCD):    3.285ns
    Clock Pessimism Removal (CPR):    0.253ns

    Location             Delay type                Incr(ns)  Path(ns)    Netlist Resource(s)
  -------------------------------------------------------------------    -------------------
                         (clock clk rise edge)        0.000     0.000 r  
                                                      0.000     0.000 r  clk (IN)
                         net (fo=6780, unset)         3.285     3.285    DUT/u_bnn_core/layer2/clk
    SLICE_X134Y600       FDRE                                         r  DUT/u_bnn_core/layer2/activations_buffer_reg[61]/C
  -------------------------------------------------------------------    -------------------
    SLICE_X134Y600       FDRE (Prop_BFF_SLICEL_C_Q)
                                                      0.059     3.344 r  DUT/u_bnn_core/layer2/activations_buffer_reg[61]/Q
                         net (fo=2, estimated)        0.077     3.421    DUT/u_bnn_core/l2_activations_out[61]
    SLICE_X134Y599       FDRE                                         r  DUT/u_bnn_core/l2_activations_r_reg[61]/D
  -------------------------------------------------------------------    -------------------

                         (clock clk rise edge)        0.000     0.000 r  
                                                      0.000     0.000 r  clk (IN)
                         net (fo=6780, unset)         3.717     3.717    DUT/u_bnn_core/clk
    SLICE_X134Y599       FDRE                                         r  DUT/u_bnn_core/l2_activations_r_reg[61]/C
                         clock pessimism             -0.253     3.464    
    SLICE_X134Y599       FDRE (Hold_GFF2_SLICEL_C_D)
                                                      0.062     3.526    DUT/u_bnn_core/l2_activations_r_reg[61]
  -------------------------------------------------------------------
                         required time                         -3.526    
                         arrival time                           3.421    
  -------------------------------------------------------------------
                         slack                                 -0.105    





Pulse Width Checks
--------------------------------------------------------------------------------------
Clock Name:         clk
Waveform(ns):       { 0.000 0.500 }
Period(ns):         1.000
Sources:            { clk }

Check Type        Corner  Lib Pin             Reference Pin  Required(ns)  Actual(ns)  Slack(ns)  Location       Pin
Min Period        n/a     RAMB36E2/CLKARDCLK  n/a            1.569         1.000       -0.569     RAMB36_X8Y130  DUT/u_bnn_core/layer1/gen_memory_banks[0].u_weight_bank/mem_reg_bram_0/CLKARDCLK
Low Pulse Width   Slow    RAMB36E2/CLKARDCLK  n/a            0.542         0.500       -0.042     RAMB36_X9Y131  DUT/sel_0/CLKARDCLK
High Pulse Width  Slow    RAMB36E2/CLKARDCLK  n/a            0.542         0.500       -0.042     RAMB36_X9Y131  DUT/sel_0/CLKARDCLK



