Copyright 1986-2021 Xilinx, Inc. All Rights Reserved.
-----------------------------------------------------------------------------------------
| Tool Version : Vivado v.2021.2 (lin64) Build 3367213 Tue Oct 19 02:47:39 MDT 2021
| Date         : Thu Apr 16 10:44:31 2026
| Host         : ece-lnx-10 running 64-bit Red Hat Enterprise Linux release 8.10 (Ootpa)
| Command      : report_methodology -file ./outputs/post_synth_methodology.rpt
| Design       : bnn_fcc_timing
| Device       : xcu250-figd2104-2L-e
| Speed File   : -2L
| Design State : Synthesized
-----------------------------------------------------------------------------------------

Report Methodology

Table of Contents
-----------------
1. REPORT SUMMARY
2. REPORT DETAILS

1. REPORT SUMMARY
-----------------
            Netlist: bnn_fcc_timing
          Floorplan: design_1
      Design limits: <entire design considered>
             Max violations: <unlimited>
             Violations found: 310
+-----------+----------+--------------------------------------------+------------+
| Rule      | Severity | Description                                | Violations |
+-----------+----------+--------------------------------------------+------------+
| SYNTH-4   | Warning  | Shallow depth for a dedicated block RAM    | 8          |
| SYNTH-6   | Warning  | Timing of a RAM block might be sub-optimal | 46         |
| SYNTH-11  | Warning  | DSP output not registered                  | 1          |
| TIMING-16 | Warning  | Large setup violation                      | 100        |
| TIMING-18 | Warning  | Missing input or output delay              | 155        |
+-----------+----------+--------------------------------------------+------------+

2. REPORT DETAILS
-----------------
SYNTH-4#1 Warning
Shallow depth for a dedicated block RAM  
The instance DUT/u_bnn_core/layer3/gen_memory_banks[0].u_weight_bank/mem_reg_bram_0 is implemented as block RAM but is better mapped onto distributed LUT RAM for the following reason: The depth (6 address bits) is shallow. Please use attribute (* ram_style = "distributed" *)  to instruct Vivado to infer distributed LUT RAM.
Related violations: <none>

SYNTH-4#2 Warning
Shallow depth for a dedicated block RAM  
The instance DUT/u_bnn_core/layer3/gen_memory_banks[1].u_weight_bank/mem_reg_bram_0 is implemented as block RAM but is better mapped onto distributed LUT RAM for the following reason: The depth (6 address bits) is shallow. Please use attribute (* ram_style = "distributed" *)  to instruct Vivado to infer distributed LUT RAM.
Related violations: <none>

SYNTH-4#3 Warning
Shallow depth for a dedicated block RAM  
The instance DUT/u_bnn_core/layer3/gen_memory_banks[2].u_weight_bank/mem_reg_bram_0 is implemented as block RAM but is better mapped onto distributed LUT RAM for the following reason: The depth (6 address bits) is shallow. Please use attribute (* ram_style = "distributed" *)  to instruct Vivado to infer distributed LUT RAM.
Related violations: <none>

SYNTH-4#4 Warning
Shallow depth for a dedicated block RAM  
The instance DUT/u_bnn_core/layer3/gen_memory_banks[3].u_weight_bank/mem_reg_bram_0 is implemented as block RAM but is better mapped onto distributed LUT RAM for the following reason: The depth (6 address bits) is shallow. Please use attribute (* ram_style = "distributed" *)  to instruct Vivado to infer distributed LUT RAM.
Related violations: <none>

SYNTH-4#5 Warning
Shallow depth for a dedicated block RAM  
The instance DUT/u_bnn_core/layer3/gen_memory_banks[4].u_weight_bank/mem_reg_bram_0 is implemented as block RAM but is better mapped onto distributed LUT RAM for the following reason: The depth (6 address bits) is shallow. Please use attribute (* ram_style = "distributed" *)  to instruct Vivado to infer distributed LUT RAM.
Related violations: <none>

SYNTH-4#6 Warning
Shallow depth for a dedicated block RAM  
The instance DUT/u_bnn_core/layer3/gen_memory_banks[5].u_weight_bank/mem_reg_bram_0 is implemented as block RAM but is better mapped onto distributed LUT RAM for the following reason: The depth (6 address bits) is shallow. Please use attribute (* ram_style = "distributed" *)  to instruct Vivado to infer distributed LUT RAM.
Related violations: <none>

SYNTH-4#7 Warning
Shallow depth for a dedicated block RAM  
The instance DUT/u_bnn_core/layer3/gen_memory_banks[6].u_weight_bank/mem_reg_bram_0 is implemented as block RAM but is better mapped onto distributed LUT RAM for the following reason: The depth (6 address bits) is shallow. Please use attribute (* ram_style = "distributed" *)  to instruct Vivado to infer distributed LUT RAM.
Related violations: <none>

SYNTH-4#8 Warning
Shallow depth for a dedicated block RAM  
The instance DUT/u_bnn_core/layer3/gen_memory_banks[7].u_weight_bank/mem_reg_bram_0 is implemented as block RAM but is better mapped onto distributed LUT RAM for the following reason: The depth (6 address bits) is shallow. Please use attribute (* ram_style = "distributed" *)  to instruct Vivado to infer distributed LUT RAM.
Related violations: <none>

SYNTH-6#1 Warning
Timing of a RAM block might be sub-optimal  
The timing for the instance DUT/sel_0, implemented as a RAM block, might be sub-optimal as no output register was merged into the block.
Related violations: <none>

SYNTH-6#2 Warning
Timing of a RAM block might be sub-optimal  
The timing for the instance DUT/sel_1, implemented as a RAM block, might be sub-optimal as no output register was merged into the block.
Related violations: <none>

SYNTH-6#3 Warning
Timing of a RAM block might be sub-optimal  
The timing for the instance DUT/sel_10, implemented as a RAM block, might be sub-optimal as no output register was merged into the block.
Related violations: <none>

SYNTH-6#4 Warning
Timing of a RAM block might be sub-optimal  
The timing for the instance DUT/sel_11, implemented as a RAM block, might be sub-optimal as no output register was merged into the block.
Related violations: <none>

SYNTH-6#5 Warning
Timing of a RAM block might be sub-optimal  
The timing for the instance DUT/sel_12, implemented as a RAM block, might be sub-optimal as no output register was merged into the block.
Related violations: <none>

SYNTH-6#6 Warning
Timing of a RAM block might be sub-optimal  
The timing for the instance DUT/sel_13, implemented as a RAM block, might be sub-optimal as no output register was merged into the block.
Related violations: <none>

SYNTH-6#7 Warning
Timing of a RAM block might be sub-optimal  
The timing for the instance DUT/sel_14, implemented as a RAM block, might be sub-optimal as no output register was merged into the block.
Related violations: <none>

SYNTH-6#8 Warning
Timing of a RAM block might be sub-optimal  
The timing for the instance DUT/sel_15, implemented as a RAM block, might be sub-optimal as no output register was merged into the block.
Related violations: <none>

SYNTH-6#9 Warning
Timing of a RAM block might be sub-optimal  
The timing for the instance DUT/sel_16, implemented as a RAM block, might be sub-optimal as no output register was merged into the block.
Related violations: <none>

SYNTH-6#10 Warning
Timing of a RAM block might be sub-optimal  
The timing for the instance DUT/sel_17, implemented as a RAM block, might be sub-optimal as no output register was merged into the block.
Related violations: <none>

SYNTH-6#11 Warning
Timing of a RAM block might be sub-optimal  
The timing for the instance DUT/sel_18, implemented as a RAM block, might be sub-optimal as no output register was merged into the block.
Related violations: <none>

SYNTH-6#12 Warning
Timing of a RAM block might be sub-optimal  
The timing for the instance DUT/sel_19, implemented as a RAM block, might be sub-optimal as no output register was merged into the block.
Related violations: <none>

SYNTH-6#13 Warning
Timing of a RAM block might be sub-optimal  
The timing for the instance DUT/sel_2, implemented as a RAM block, might be sub-optimal as no output register was merged into the block.
Related violations: <none>

SYNTH-6#14 Warning
Timing of a RAM block might be sub-optimal  
The timing for the instance DUT/sel_20, implemented as a RAM block, might be sub-optimal as no output register was merged into the block.
Related violations: <none>

SYNTH-6#15 Warning
Timing of a RAM block might be sub-optimal  
The timing for the instance DUT/sel_21, implemented as a RAM block, might be sub-optimal as no output register was merged into the block.
Related violations: <none>

SYNTH-6#16 Warning
Timing of a RAM block might be sub-optimal  
The timing for the instance DUT/sel_3, implemented as a RAM block, might be sub-optimal as no output register was merged into the block.
Related violations: <none>

SYNTH-6#17 Warning
Timing of a RAM block might be sub-optimal  
The timing for the instance DUT/sel_4, implemented as a RAM block, might be sub-optimal as no output register was merged into the block.
Related violations: <none>

SYNTH-6#18 Warning
Timing of a RAM block might be sub-optimal  
The timing for the instance DUT/sel_5, implemented as a RAM block, might be sub-optimal as no output register was merged into the block.
Related violations: <none>

SYNTH-6#19 Warning
Timing of a RAM block might be sub-optimal  
The timing for the instance DUT/sel_6, implemented as a RAM block, might be sub-optimal as no output register was merged into the block.
Related violations: <none>

SYNTH-6#20 Warning
Timing of a RAM block might be sub-optimal  
The timing for the instance DUT/sel_7, implemented as a RAM block, might be sub-optimal as no output register was merged into the block.
Related violations: <none>

SYNTH-6#21 Warning
Timing of a RAM block might be sub-optimal  
The timing for the instance DUT/sel_8, implemented as a RAM block, might be sub-optimal as no output register was merged into the block.
Related violations: <none>

SYNTH-6#22 Warning
Timing of a RAM block might be sub-optimal  
The timing for the instance DUT/sel_9, implemented as a RAM block, might be sub-optimal as no output register was merged into the block.
Related violations: <none>

SYNTH-6#23 Warning
Timing of a RAM block might be sub-optimal  
The timing for the instance DUT/u_bnn_core/layer1/gen_memory_banks[0].u_weight_bank/mem_reg_bram_0, implemented as a RAM block, might be sub-optimal as no output register was merged into the block.
Related violations: <none>

SYNTH-6#24 Warning
Timing of a RAM block might be sub-optimal  
The timing for the instance DUT/u_bnn_core/layer1/gen_memory_banks[1].u_weight_bank/mem_reg_bram_0, implemented as a RAM block, might be sub-optimal as no output register was merged into the block.
Related violations: <none>

SYNTH-6#25 Warning
Timing of a RAM block might be sub-optimal  
The timing for the instance DUT/u_bnn_core/layer1/gen_memory_banks[2].u_weight_bank/mem_reg_bram_0, implemented as a RAM block, might be sub-optimal as no output register was merged into the block.
Related violations: <none>

SYNTH-6#26 Warning
Timing of a RAM block might be sub-optimal  
The timing for the instance DUT/u_bnn_core/layer1/gen_memory_banks[3].u_weight_bank/mem_reg_bram_0, implemented as a RAM block, might be sub-optimal as no output register was merged into the block.
Related violations: <none>

SYNTH-6#27 Warning
Timing of a RAM block might be sub-optimal  
The timing for the instance DUT/u_bnn_core/layer1/gen_memory_banks[4].u_weight_bank/mem_reg_bram_0, implemented as a RAM block, might be sub-optimal as no output register was merged into the block.
Related violations: <none>

SYNTH-6#28 Warning
Timing of a RAM block might be sub-optimal  
The timing for the instance DUT/u_bnn_core/layer1/gen_memory_banks[5].u_weight_bank/mem_reg_bram_0, implemented as a RAM block, might be sub-optimal as no output register was merged into the block.
Related violations: <none>

SYNTH-6#29 Warning
Timing of a RAM block might be sub-optimal  
The timing for the instance DUT/u_bnn_core/layer1/gen_memory_banks[6].u_weight_bank/mem_reg_bram_0, implemented as a RAM block, might be sub-optimal as no output register was merged into the block.
Related violations: <none>

SYNTH-6#30 Warning
Timing of a RAM block might be sub-optimal  
The timing for the instance DUT/u_bnn_core/layer1/gen_memory_banks[7].u_weight_bank/mem_reg_bram_0, implemented as a RAM block, might be sub-optimal as no output register was merged into the block.
Related violations: <none>

SYNTH-6#31 Warning
Timing of a RAM block might be sub-optimal  
The timing for the instance DUT/u_bnn_core/layer2/gen_memory_banks[0].u_weight_bank/mem_reg_bram_0, implemented as a RAM block, might be sub-optimal as no output register was merged into the block.
Related violations: <none>

SYNTH-6#32 Warning
Timing of a RAM block might be sub-optimal  
The timing for the instance DUT/u_bnn_core/layer2/gen_memory_banks[1].u_weight_bank/mem_reg_bram_0, implemented as a RAM block, might be sub-optimal as no output register was merged into the block.
Related violations: <none>

SYNTH-6#33 Warning
Timing of a RAM block might be sub-optimal  
The timing for the instance DUT/u_bnn_core/layer2/gen_memory_banks[2].u_weight_bank/mem_reg_bram_0, implemented as a RAM block, might be sub-optimal as no output register was merged into the block.
Related violations: <none>

SYNTH-6#34 Warning
Timing of a RAM block might be sub-optimal  
The timing for the instance DUT/u_bnn_core/layer2/gen_memory_banks[3].u_weight_bank/mem_reg_bram_0, implemented as a RAM block, might be sub-optimal as no output register was merged into the block.
Related violations: <none>

SYNTH-6#35 Warning
Timing of a RAM block might be sub-optimal  
The timing for the instance DUT/u_bnn_core/layer2/gen_memory_banks[4].u_weight_bank/mem_reg_bram_0, implemented as a RAM block, might be sub-optimal as no output register was merged into the block.
Related violations: <none>

SYNTH-6#36 Warning
Timing of a RAM block might be sub-optimal  
The timing for the instance DUT/u_bnn_core/layer2/gen_memory_banks[5].u_weight_bank/mem_reg_bram_0, implemented as a RAM block, might be sub-optimal as no output register was merged into the block.
Related violations: <none>

SYNTH-6#37 Warning
Timing of a RAM block might be sub-optimal  
The timing for the instance DUT/u_bnn_core/layer2/gen_memory_banks[6].u_weight_bank/mem_reg_bram_0, implemented as a RAM block, might be sub-optimal as no output register was merged into the block.
Related violations: <none>

SYNTH-6#38 Warning
Timing of a RAM block might be sub-optimal  
The timing for the instance DUT/u_bnn_core/layer2/gen_memory_banks[7].u_weight_bank/mem_reg_bram_0, implemented as a RAM block, might be sub-optimal as no output register was merged into the block.
Related violations: <none>

SYNTH-6#39 Warning
Timing of a RAM block might be sub-optimal  
The timing for the instance DUT/u_bnn_core/layer3/gen_memory_banks[0].u_weight_bank/mem_reg_bram_0, implemented as a RAM block, might be sub-optimal as no output register was merged into the block.
Related violations: <none>

SYNTH-6#40 Warning
Timing of a RAM block might be sub-optimal  
The timing for the instance DUT/u_bnn_core/layer3/gen_memory_banks[1].u_weight_bank/mem_reg_bram_0, implemented as a RAM block, might be sub-optimal as no output register was merged into the block.
Related violations: <none>

SYNTH-6#41 Warning
Timing of a RAM block might be sub-optimal  
The timing for the instance DUT/u_bnn_core/layer3/gen_memory_banks[2].u_weight_bank/mem_reg_bram_0, implemented as a RAM block, might be sub-optimal as no output register was merged into the block.
Related violations: <none>

SYNTH-6#42 Warning
Timing of a RAM block might be sub-optimal  
The timing for the instance DUT/u_bnn_core/layer3/gen_memory_banks[3].u_weight_bank/mem_reg_bram_0, implemented as a RAM block, might be sub-optimal as no output register was merged into the block.
Related violations: <none>

SYNTH-6#43 Warning
Timing of a RAM block might be sub-optimal  
The timing for the instance DUT/u_bnn_core/layer3/gen_memory_banks[4].u_weight_bank/mem_reg_bram_0, implemented as a RAM block, might be sub-optimal as no output register was merged into the block.
Related violations: <none>

SYNTH-6#44 Warning
Timing of a RAM block might be sub-optimal  
The timing for the instance DUT/u_bnn_core/layer3/gen_memory_banks[5].u_weight_bank/mem_reg_bram_0, implemented as a RAM block, might be sub-optimal as no output register was merged into the block.
Related violations: <none>

SYNTH-6#45 Warning
Timing of a RAM block might be sub-optimal  
The timing for the instance DUT/u_bnn_core/layer3/gen_memory_banks[6].u_weight_bank/mem_reg_bram_0, implemented as a RAM block, might be sub-optimal as no output register was merged into the block.
Related violations: <none>

SYNTH-6#46 Warning
Timing of a RAM block might be sub-optimal  
The timing for the instance DUT/u_bnn_core/layer3/gen_memory_banks[7].u_weight_bank/mem_reg_bram_0, implemented as a RAM block, might be sub-optimal as no output register was merged into the block.
Related violations: <none>

SYNTH-11#1 Warning
DSP output not registered  
DSP instance DUT/u_bnn_core/layer1/cfg_weight_local_addr is not fully pipelined on the output side. MREG/PREG are not used.
Related violations: <none>

TIMING-16#1 Warning
Large setup violation  
There is a large setup violation of -1.788 ns between DUT/u_bnn_core/FSM_onehot_state_r_reg[0]/C (clocked by clk) and DUT/u_bnn_core/layer1/gen_memory_banks[0].u_weight_bank/mem_reg_bram_0/ADDRARDADDR[8] (clocked by clk). Large setup violations at the end of those stages might be difficult to fix during the post-placement implementation flow and could be the result of non-optimal XDC constraints or non-optimal design architecture
Related violations: <none>

TIMING-16#2 Warning
Large setup violation  
There is a large setup violation of -1.788 ns between DUT/u_bnn_core/FSM_onehot_state_r_reg[0]/C (clocked by clk) and DUT/u_bnn_core/layer1/gen_memory_banks[1].u_weight_bank/mem_reg_bram_0/ADDRARDADDR[8] (clocked by clk). Large setup violations at the end of those stages might be difficult to fix during the post-placement implementation flow and could be the result of non-optimal XDC constraints or non-optimal design architecture
Related violations: <none>

TIMING-16#3 Warning
Large setup violation  
There is a large setup violation of -1.788 ns between DUT/u_bnn_core/FSM_onehot_state_r_reg[0]/C (clocked by clk) and DUT/u_bnn_core/layer1/gen_memory_banks[2].u_weight_bank/mem_reg_bram_0/ADDRARDADDR[8] (clocked by clk). Large setup violations at the end of those stages might be difficult to fix during the post-placement implementation flow and could be the result of non-optimal XDC constraints or non-optimal design architecture
Related violations: <none>

TIMING-16#4 Warning
Large setup violation  
There is a large setup violation of -1.788 ns between DUT/u_bnn_core/FSM_onehot_state_r_reg[0]/C (clocked by clk) and DUT/u_bnn_core/layer1/gen_memory_banks[3].u_weight_bank/mem_reg_bram_0/ADDRARDADDR[8] (clocked by clk). Large setup violations at the end of those stages might be difficult to fix during the post-placement implementation flow and could be the result of non-optimal XDC constraints or non-optimal design architecture
Related violations: <none>

TIMING-16#5 Warning
Large setup violation  
There is a large setup violation of -1.788 ns between DUT/u_bnn_core/FSM_onehot_state_r_reg[0]/C (clocked by clk) and DUT/u_bnn_core/layer1/gen_memory_banks[4].u_weight_bank/mem_reg_bram_0/ADDRARDADDR[8] (clocked by clk). Large setup violations at the end of those stages might be difficult to fix during the post-placement implementation flow and could be the result of non-optimal XDC constraints or non-optimal design architecture
Related violations: <none>

TIMING-16#6 Warning
Large setup violation  
There is a large setup violation of -1.788 ns between DUT/u_bnn_core/FSM_onehot_state_r_reg[0]/C (clocked by clk) and DUT/u_bnn_core/layer1/gen_memory_banks[5].u_weight_bank/mem_reg_bram_0/ADDRARDADDR[8] (clocked by clk). Large setup violations at the end of those stages might be difficult to fix during the post-placement implementation flow and could be the result of non-optimal XDC constraints or non-optimal design architecture
Related violations: <none>

TIMING-16#7 Warning
Large setup violation  
There is a large setup violation of -1.788 ns between DUT/u_bnn_core/FSM_onehot_state_r_reg[0]/C (clocked by clk) and DUT/u_bnn_core/layer1/gen_memory_banks[6].u_weight_bank/mem_reg_bram_0/ADDRARDADDR[8] (clocked by clk). Large setup violations at the end of those stages might be difficult to fix during the post-placement implementation flow and could be the result of non-optimal XDC constraints or non-optimal design architecture
Related violations: <none>

TIMING-16#8 Warning
Large setup violation  
There is a large setup violation of -1.788 ns between DUT/u_bnn_core/FSM_onehot_state_r_reg[0]/C (clocked by clk) and DUT/u_bnn_core/layer1/gen_memory_banks[7].u_weight_bank/mem_reg_bram_0/ADDRARDADDR[8] (clocked by clk). Large setup violations at the end of those stages might be difficult to fix during the post-placement implementation flow and could be the result of non-optimal XDC constraints or non-optimal design architecture
Related violations: <none>

TIMING-16#9 Warning
Large setup violation  
There is a large setup violation of -1.791 ns between DUT/u_bnn_core/FSM_onehot_state_r_reg[0]/C (clocked by clk) and DUT/u_bnn_core/layer1/gen_memory_banks[0].u_weight_bank/mem_reg_bram_0/ADDRARDADDR[6] (clocked by clk). Large setup violations at the end of those stages might be difficult to fix during the post-placement implementation flow and could be the result of non-optimal XDC constraints or non-optimal design architecture
Related violations: <none>

TIMING-16#10 Warning
Large setup violation  
There is a large setup violation of -1.791 ns between DUT/u_bnn_core/FSM_onehot_state_r_reg[0]/C (clocked by clk) and DUT/u_bnn_core/layer1/gen_memory_banks[1].u_weight_bank/mem_reg_bram_0/ADDRARDADDR[6] (clocked by clk). Large setup violations at the end of those stages might be difficult to fix during the post-placement implementation flow and could be the result of non-optimal XDC constraints or non-optimal design architecture
Related violations: <none>

TIMING-16#11 Warning
Large setup violation  
There is a large setup violation of -1.791 ns between DUT/u_bnn_core/FSM_onehot_state_r_reg[0]/C (clocked by clk) and DUT/u_bnn_core/layer1/gen_memory_banks[2].u_weight_bank/mem_reg_bram_0/ADDRARDADDR[6] (clocked by clk). Large setup violations at the end of those stages might be difficult to fix during the post-placement implementation flow and could be the result of non-optimal XDC constraints or non-optimal design architecture
Related violations: <none>

TIMING-16#12 Warning
Large setup violation  
There is a large setup violation of -1.791 ns between DUT/u_bnn_core/FSM_onehot_state_r_reg[0]/C (clocked by clk) and DUT/u_bnn_core/layer1/gen_memory_banks[3].u_weight_bank/mem_reg_bram_0/ADDRARDADDR[6] (clocked by clk). Large setup violations at the end of those stages might be difficult to fix during the post-placement implementation flow and could be the result of non-optimal XDC constraints or non-optimal design architecture
Related violations: <none>

TIMING-16#13 Warning
Large setup violation  
There is a large setup violation of -1.791 ns between DUT/u_bnn_core/FSM_onehot_state_r_reg[0]/C (clocked by clk) and DUT/u_bnn_core/layer1/gen_memory_banks[4].u_weight_bank/mem_reg_bram_0/ADDRARDADDR[6] (clocked by clk). Large setup violations at the end of those stages might be difficult to fix during the post-placement implementation flow and could be the result of non-optimal XDC constraints or non-optimal design architecture
Related violations: <none>

TIMING-16#14 Warning
Large setup violation  
There is a large setup violation of -1.791 ns between DUT/u_bnn_core/FSM_onehot_state_r_reg[0]/C (clocked by clk) and DUT/u_bnn_core/layer1/gen_memory_banks[5].u_weight_bank/mem_reg_bram_0/ADDRARDADDR[6] (clocked by clk). Large setup violations at the end of those stages might be difficult to fix during the post-placement implementation flow and could be the result of non-optimal XDC constraints or non-optimal design architecture
Related violations: <none>

TIMING-16#15 Warning
Large setup violation  
There is a large setup violation of -1.791 ns between DUT/u_bnn_core/FSM_onehot_state_r_reg[0]/C (clocked by clk) and DUT/u_bnn_core/layer1/gen_memory_banks[6].u_weight_bank/mem_reg_bram_0/ADDRARDADDR[6] (clocked by clk). Large setup violations at the end of those stages might be difficult to fix during the post-placement implementation flow and could be the result of non-optimal XDC constraints or non-optimal design architecture
Related violations: <none>

TIMING-16#16 Warning
Large setup violation  
There is a large setup violation of -1.791 ns between DUT/u_bnn_core/FSM_onehot_state_r_reg[0]/C (clocked by clk) and DUT/u_bnn_core/layer1/gen_memory_banks[7].u_weight_bank/mem_reg_bram_0/ADDRARDADDR[6] (clocked by clk). Large setup violations at the end of those stages might be difficult to fix during the post-placement implementation flow and could be the result of non-optimal XDC constraints or non-optimal design architecture
Related violations: <none>

TIMING-16#17 Warning
Large setup violation  
There is a large setup violation of -1.821 ns between DUT/u_bnn_core/FSM_onehot_state_r_reg[0]/C (clocked by clk) and DUT/u_bnn_core/layer1/gen_memory_banks[0].u_weight_bank/mem_reg_bram_0/ADDRARDADDR[10] (clocked by clk). Large setup violations at the end of those stages might be difficult to fix during the post-placement implementation flow and could be the result of non-optimal XDC constraints or non-optimal design architecture
Related violations: <none>

TIMING-16#18 Warning
Large setup violation  
There is a large setup violation of -1.821 ns between DUT/u_bnn_core/FSM_onehot_state_r_reg[0]/C (clocked by clk) and DUT/u_bnn_core/layer1/gen_memory_banks[1].u_weight_bank/mem_reg_bram_0/ADDRARDADDR[10] (clocked by clk). Large setup violations at the end of those stages might be difficult to fix during the post-placement implementation flow and could be the result of non-optimal XDC constraints or non-optimal design architecture
Related violations: <none>

TIMING-16#19 Warning
Large setup violation  
There is a large setup violation of -1.821 ns between DUT/u_bnn_core/FSM_onehot_state_r_reg[0]/C (clocked by clk) and DUT/u_bnn_core/layer1/gen_memory_banks[2].u_weight_bank/mem_reg_bram_0/ADDRARDADDR[10] (clocked by clk). Large setup violations at the end of those stages might be difficult to fix during the post-placement implementation flow and could be the result of non-optimal XDC constraints or non-optimal design architecture
Related violations: <none>

TIMING-16#20 Warning
Large setup violation  
There is a large setup violation of -1.821 ns between DUT/u_bnn_core/FSM_onehot_state_r_reg[0]/C (clocked by clk) and DUT/u_bnn_core/layer1/gen_memory_banks[3].u_weight_bank/mem_reg_bram_0/ADDRARDADDR[10] (clocked by clk). Large setup violations at the end of those stages might be difficult to fix during the post-placement implementation flow and could be the result of non-optimal XDC constraints or non-optimal design architecture
Related violations: <none>

TIMING-16#21 Warning
Large setup violation  
There is a large setup violation of -1.821 ns between DUT/u_bnn_core/FSM_onehot_state_r_reg[0]/C (clocked by clk) and DUT/u_bnn_core/layer1/gen_memory_banks[4].u_weight_bank/mem_reg_bram_0/ADDRARDADDR[10] (clocked by clk). Large setup violations at the end of those stages might be difficult to fix during the post-placement implementation flow and could be the result of non-optimal XDC constraints or non-optimal design architecture
Related violations: <none>

TIMING-16#22 Warning
Large setup violation  
There is a large setup violation of -1.821 ns between DUT/u_bnn_core/FSM_onehot_state_r_reg[0]/C (clocked by clk) and DUT/u_bnn_core/layer1/gen_memory_banks[5].u_weight_bank/mem_reg_bram_0/ADDRARDADDR[10] (clocked by clk). Large setup violations at the end of those stages might be difficult to fix during the post-placement implementation flow and could be the result of non-optimal XDC constraints or non-optimal design architecture
Related violations: <none>

TIMING-16#23 Warning
Large setup violation  
There is a large setup violation of -1.821 ns between DUT/u_bnn_core/FSM_onehot_state_r_reg[0]/C (clocked by clk) and DUT/u_bnn_core/layer1/gen_memory_banks[6].u_weight_bank/mem_reg_bram_0/ADDRARDADDR[10] (clocked by clk). Large setup violations at the end of those stages might be difficult to fix during the post-placement implementation flow and could be the result of non-optimal XDC constraints or non-optimal design architecture
Related violations: <none>

TIMING-16#24 Warning
Large setup violation  
There is a large setup violation of -1.821 ns between DUT/u_bnn_core/FSM_onehot_state_r_reg[0]/C (clocked by clk) and DUT/u_bnn_core/layer1/gen_memory_banks[7].u_weight_bank/mem_reg_bram_0/ADDRARDADDR[10] (clocked by clk). Large setup violations at the end of those stages might be difficult to fix during the post-placement implementation flow and could be the result of non-optimal XDC constraints or non-optimal design architecture
Related violations: <none>

TIMING-16#25 Warning
Large setup violation  
There is a large setup violation of -1.828 ns between DUT/u_bnn_core/FSM_onehot_state_r_reg[0]/C (clocked by clk) and DUT/u_bnn_core/layer1/gen_memory_banks[0].u_weight_bank/mem_reg_bram_0/ADDRARDADDR[13] (clocked by clk). Large setup violations at the end of those stages might be difficult to fix during the post-placement implementation flow and could be the result of non-optimal XDC constraints or non-optimal design architecture
Related violations: <none>

TIMING-16#26 Warning
Large setup violation  
There is a large setup violation of -1.828 ns between DUT/u_bnn_core/FSM_onehot_state_r_reg[0]/C (clocked by clk) and DUT/u_bnn_core/layer1/gen_memory_banks[1].u_weight_bank/mem_reg_bram_0/ADDRARDADDR[13] (clocked by clk). Large setup violations at the end of those stages might be difficult to fix during the post-placement implementation flow and could be the result of non-optimal XDC constraints or non-optimal design architecture
Related violations: <none>

TIMING-16#27 Warning
Large setup violation  
There is a large setup violation of -1.828 ns between DUT/u_bnn_core/FSM_onehot_state_r_reg[0]/C (clocked by clk) and DUT/u_bnn_core/layer1/gen_memory_banks[2].u_weight_bank/mem_reg_bram_0/ADDRARDADDR[13] (clocked by clk). Large setup violations at the end of those stages might be difficult to fix during the post-placement implementation flow and could be the result of non-optimal XDC constraints or non-optimal design architecture
Related violations: <none>

TIMING-16#28 Warning
Large setup violation  
There is a large setup violation of -1.828 ns between DUT/u_bnn_core/FSM_onehot_state_r_reg[0]/C (clocked by clk) and DUT/u_bnn_core/layer1/gen_memory_banks[3].u_weight_bank/mem_reg_bram_0/ADDRARDADDR[13] (clocked by clk). Large setup violations at the end of those stages might be difficult to fix during the post-placement implementation flow and could be the result of non-optimal XDC constraints or non-optimal design architecture
Related violations: <none>

TIMING-16#29 Warning
Large setup violation  
There is a large setup violation of -1.828 ns between DUT/u_bnn_core/FSM_onehot_state_r_reg[0]/C (clocked by clk) and DUT/u_bnn_core/layer1/gen_memory_banks[4].u_weight_bank/mem_reg_bram_0/ADDRARDADDR[13] (clocked by clk). Large setup violations at the end of those stages might be difficult to fix during the post-placement implementation flow and could be the result of non-optimal XDC constraints or non-optimal design architecture
Related violations: <none>

TIMING-16#30 Warning
Large setup violation  
There is a large setup violation of -1.828 ns between DUT/u_bnn_core/FSM_onehot_state_r_reg[0]/C (clocked by clk) and DUT/u_bnn_core/layer1/gen_memory_banks[5].u_weight_bank/mem_reg_bram_0/ADDRARDADDR[13] (clocked by clk). Large setup violations at the end of those stages might be difficult to fix during the post-placement implementation flow and could be the result of non-optimal XDC constraints or non-optimal design architecture
Related violations: <none>

TIMING-16#31 Warning
Large setup violation  
There is a large setup violation of -1.828 ns between DUT/u_bnn_core/FSM_onehot_state_r_reg[0]/C (clocked by clk) and DUT/u_bnn_core/layer1/gen_memory_banks[6].u_weight_bank/mem_reg_bram_0/ADDRARDADDR[13] (clocked by clk). Large setup violations at the end of those stages might be difficult to fix during the post-placement implementation flow and could be the result of non-optimal XDC constraints or non-optimal design architecture
Related violations: <none>

TIMING-16#32 Warning
Large setup violation  
There is a large setup violation of -1.828 ns between DUT/u_bnn_core/FSM_onehot_state_r_reg[0]/C (clocked by clk) and DUT/u_bnn_core/layer1/gen_memory_banks[7].u_weight_bank/mem_reg_bram_0/ADDRARDADDR[13] (clocked by clk). Large setup violations at the end of those stages might be difficult to fix during the post-placement implementation flow and could be the result of non-optimal XDC constraints or non-optimal design architecture
Related violations: <none>

TIMING-16#33 Warning
Large setup violation  
There is a large setup violation of -1.836 ns between DUT/u_bnn_core/FSM_onehot_state_r_reg[0]/C (clocked by clk) and DUT/u_bnn_core/layer1/gen_memory_banks[0].u_weight_bank/mem_reg_bram_0/ADDRARDADDR[9] (clocked by clk). Large setup violations at the end of those stages might be difficult to fix during the post-placement implementation flow and could be the result of non-optimal XDC constraints or non-optimal design architecture
Related violations: <none>

TIMING-16#34 Warning
Large setup violation  
There is a large setup violation of -1.836 ns between DUT/u_bnn_core/FSM_onehot_state_r_reg[0]/C (clocked by clk) and DUT/u_bnn_core/layer1/gen_memory_banks[1].u_weight_bank/mem_reg_bram_0/ADDRARDADDR[9] (clocked by clk). Large setup violations at the end of those stages might be difficult to fix during the post-placement implementation flow and could be the result of non-optimal XDC constraints or non-optimal design architecture
Related violations: <none>

TIMING-16#35 Warning
Large setup violation  
There is a large setup violation of -1.836 ns between DUT/u_bnn_core/FSM_onehot_state_r_reg[0]/C (clocked by clk) and DUT/u_bnn_core/layer1/gen_memory_banks[2].u_weight_bank/mem_reg_bram_0/ADDRARDADDR[9] (clocked by clk). Large setup violations at the end of those stages might be difficult to fix during the post-placement implementation flow and could be the result of non-optimal XDC constraints or non-optimal design architecture
Related violations: <none>

TIMING-16#36 Warning
Large setup violation  
There is a large setup violation of -1.836 ns between DUT/u_bnn_core/FSM_onehot_state_r_reg[0]/C (clocked by clk) and DUT/u_bnn_core/layer1/gen_memory_banks[3].u_weight_bank/mem_reg_bram_0/ADDRARDADDR[9] (clocked by clk). Large setup violations at the end of those stages might be difficult to fix during the post-placement implementation flow and could be the result of non-optimal XDC constraints or non-optimal design architecture
Related violations: <none>

TIMING-16#37 Warning
Large setup violation  
There is a large setup violation of -1.836 ns between DUT/u_bnn_core/FSM_onehot_state_r_reg[0]/C (clocked by clk) and DUT/u_bnn_core/layer1/gen_memory_banks[4].u_weight_bank/mem_reg_bram_0/ADDRARDADDR[9] (clocked by clk). Large setup violations at the end of those stages might be difficult to fix during the post-placement implementation flow and could be the result of non-optimal XDC constraints or non-optimal design architecture
Related violations: <none>

TIMING-16#38 Warning
Large setup violation  
There is a large setup violation of -1.836 ns between DUT/u_bnn_core/FSM_onehot_state_r_reg[0]/C (clocked by clk) and DUT/u_bnn_core/layer1/gen_memory_banks[5].u_weight_bank/mem_reg_bram_0/ADDRARDADDR[9] (clocked by clk). Large setup violations at the end of those stages might be difficult to fix during the post-placement implementation flow and could be the result of non-optimal XDC constraints or non-optimal design architecture
Related violations: <none>

TIMING-16#39 Warning
Large setup violation  
There is a large setup violation of -1.836 ns between DUT/u_bnn_core/FSM_onehot_state_r_reg[0]/C (clocked by clk) and DUT/u_bnn_core/layer1/gen_memory_banks[6].u_weight_bank/mem_reg_bram_0/ADDRARDADDR[9] (clocked by clk). Large setup violations at the end of those stages might be difficult to fix during the post-placement implementation flow and could be the result of non-optimal XDC constraints or non-optimal design architecture
Related violations: <none>

TIMING-16#40 Warning
Large setup violation  
There is a large setup violation of -1.836 ns between DUT/u_bnn_core/FSM_onehot_state_r_reg[0]/C (clocked by clk) and DUT/u_bnn_core/layer1/gen_memory_banks[7].u_weight_bank/mem_reg_bram_0/ADDRARDADDR[9] (clocked by clk). Large setup violations at the end of those stages might be difficult to fix during the post-placement implementation flow and could be the result of non-optimal XDC constraints or non-optimal design architecture
Related violations: <none>

TIMING-16#41 Warning
Large setup violation  
There is a large setup violation of -1.837 ns between DUT/u_bnn_core/FSM_onehot_state_r_reg[0]/C (clocked by clk) and DUT/u_bnn_core/layer1/gen_memory_banks[0].u_weight_bank/mem_reg_bram_0/ADDRARDADDR[12] (clocked by clk). Large setup violations at the end of those stages might be difficult to fix during the post-placement implementation flow and could be the result of non-optimal XDC constraints or non-optimal design architecture
Related violations: <none>

TIMING-16#42 Warning
Large setup violation  
There is a large setup violation of -1.837 ns between DUT/u_bnn_core/FSM_onehot_state_r_reg[0]/C (clocked by clk) and DUT/u_bnn_core/layer1/gen_memory_banks[1].u_weight_bank/mem_reg_bram_0/ADDRARDADDR[12] (clocked by clk). Large setup violations at the end of those stages might be difficult to fix during the post-placement implementation flow and could be the result of non-optimal XDC constraints or non-optimal design architecture
Related violations: <none>

TIMING-16#43 Warning
Large setup violation  
There is a large setup violation of -1.837 ns between DUT/u_bnn_core/FSM_onehot_state_r_reg[0]/C (clocked by clk) and DUT/u_bnn_core/layer1/gen_memory_banks[2].u_weight_bank/mem_reg_bram_0/ADDRARDADDR[12] (clocked by clk). Large setup violations at the end of those stages might be difficult to fix during the post-placement implementation flow and could be the result of non-optimal XDC constraints or non-optimal design architecture
Related violations: <none>

TIMING-16#44 Warning
Large setup violation  
There is a large setup violation of -1.837 ns between DUT/u_bnn_core/FSM_onehot_state_r_reg[0]/C (clocked by clk) and DUT/u_bnn_core/layer1/gen_memory_banks[3].u_weight_bank/mem_reg_bram_0/ADDRARDADDR[12] (clocked by clk). Large setup violations at the end of those stages might be difficult to fix during the post-placement implementation flow and could be the result of non-optimal XDC constraints or non-optimal design architecture
Related violations: <none>

TIMING-16#45 Warning
Large setup violation  
There is a large setup violation of -1.837 ns between DUT/u_bnn_core/FSM_onehot_state_r_reg[0]/C (clocked by clk) and DUT/u_bnn_core/layer1/gen_memory_banks[4].u_weight_bank/mem_reg_bram_0/ADDRARDADDR[12] (clocked by clk). Large setup violations at the end of those stages might be difficult to fix during the post-placement implementation flow and could be the result of non-optimal XDC constraints or non-optimal design architecture
Related violations: <none>

TIMING-16#46 Warning
Large setup violation  
There is a large setup violation of -1.837 ns between DUT/u_bnn_core/FSM_onehot_state_r_reg[0]/C (clocked by clk) and DUT/u_bnn_core/layer1/gen_memory_banks[5].u_weight_bank/mem_reg_bram_0/ADDRARDADDR[12] (clocked by clk). Large setup violations at the end of those stages might be difficult to fix during the post-placement implementation flow and could be the result of non-optimal XDC constraints or non-optimal design architecture
Related violations: <none>

TIMING-16#47 Warning
Large setup violation  
There is a large setup violation of -1.837 ns between DUT/u_bnn_core/FSM_onehot_state_r_reg[0]/C (clocked by clk) and DUT/u_bnn_core/layer1/gen_memory_banks[6].u_weight_bank/mem_reg_bram_0/ADDRARDADDR[12] (clocked by clk). Large setup violations at the end of those stages might be difficult to fix during the post-placement implementation flow and could be the result of non-optimal XDC constraints or non-optimal design architecture
Related violations: <none>

TIMING-16#48 Warning
Large setup violation  
There is a large setup violation of -1.837 ns between DUT/u_bnn_core/FSM_onehot_state_r_reg[0]/C (clocked by clk) and DUT/u_bnn_core/layer1/gen_memory_banks[7].u_weight_bank/mem_reg_bram_0/ADDRARDADDR[12] (clocked by clk). Large setup violations at the end of those stages might be difficult to fix during the post-placement implementation flow and could be the result of non-optimal XDC constraints or non-optimal design architecture
Related violations: <none>

TIMING-16#49 Warning
Large setup violation  
There is a large setup violation of -1.838 ns between DUT/u_bnn_core/FSM_onehot_state_r_reg[0]/C (clocked by clk) and DUT/u_bnn_core/layer1/gen_memory_banks[0].u_weight_bank/mem_reg_bram_0/ADDRARDADDR[7] (clocked by clk). Large setup violations at the end of those stages might be difficult to fix during the post-placement implementation flow and could be the result of non-optimal XDC constraints or non-optimal design architecture
Related violations: <none>

TIMING-16#50 Warning
Large setup violation  
There is a large setup violation of -1.838 ns between DUT/u_bnn_core/FSM_onehot_state_r_reg[0]/C (clocked by clk) and DUT/u_bnn_core/layer1/gen_memory_banks[1].u_weight_bank/mem_reg_bram_0/ADDRARDADDR[7] (clocked by clk). Large setup violations at the end of those stages might be difficult to fix during the post-placement implementation flow and could be the result of non-optimal XDC constraints or non-optimal design architecture
Related violations: <none>

TIMING-16#51 Warning
Large setup violation  
There is a large setup violation of -1.838 ns between DUT/u_bnn_core/FSM_onehot_state_r_reg[0]/C (clocked by clk) and DUT/u_bnn_core/layer1/gen_memory_banks[2].u_weight_bank/mem_reg_bram_0/ADDRARDADDR[7] (clocked by clk). Large setup violations at the end of those stages might be difficult to fix during the post-placement implementation flow and could be the result of non-optimal XDC constraints or non-optimal design architecture
Related violations: <none>

TIMING-16#52 Warning
Large setup violation  
There is a large setup violation of -1.838 ns between DUT/u_bnn_core/FSM_onehot_state_r_reg[0]/C (clocked by clk) and DUT/u_bnn_core/layer1/gen_memory_banks[3].u_weight_bank/mem_reg_bram_0/ADDRARDADDR[7] (clocked by clk). Large setup violations at the end of those stages might be difficult to fix during the post-placement implementation flow and could be the result of non-optimal XDC constraints or non-optimal design architecture
Related violations: <none>

TIMING-16#53 Warning
Large setup violation  
There is a large setup violation of -1.838 ns between DUT/u_bnn_core/FSM_onehot_state_r_reg[0]/C (clocked by clk) and DUT/u_bnn_core/layer1/gen_memory_banks[4].u_weight_bank/mem_reg_bram_0/ADDRARDADDR[7] (clocked by clk). Large setup violations at the end of those stages might be difficult to fix during the post-placement implementation flow and could be the result of non-optimal XDC constraints or non-optimal design architecture
Related violations: <none>

TIMING-16#54 Warning
Large setup violation  
There is a large setup violation of -1.838 ns between DUT/u_bnn_core/FSM_onehot_state_r_reg[0]/C (clocked by clk) and DUT/u_bnn_core/layer1/gen_memory_banks[5].u_weight_bank/mem_reg_bram_0/ADDRARDADDR[7] (clocked by clk). Large setup violations at the end of those stages might be difficult to fix during the post-placement implementation flow and could be the result of non-optimal XDC constraints or non-optimal design architecture
Related violations: <none>

TIMING-16#55 Warning
Large setup violation  
There is a large setup violation of -1.838 ns between DUT/u_bnn_core/FSM_onehot_state_r_reg[0]/C (clocked by clk) and DUT/u_bnn_core/layer1/gen_memory_banks[6].u_weight_bank/mem_reg_bram_0/ADDRARDADDR[7] (clocked by clk). Large setup violations at the end of those stages might be difficult to fix during the post-placement implementation flow and could be the result of non-optimal XDC constraints or non-optimal design architecture
Related violations: <none>

TIMING-16#56 Warning
Large setup violation  
There is a large setup violation of -1.838 ns between DUT/u_bnn_core/FSM_onehot_state_r_reg[0]/C (clocked by clk) and DUT/u_bnn_core/layer1/gen_memory_banks[7].u_weight_bank/mem_reg_bram_0/ADDRARDADDR[7] (clocked by clk). Large setup violations at the end of those stages might be difficult to fix during the post-placement implementation flow and could be the result of non-optimal XDC constraints or non-optimal design architecture
Related violations: <none>

TIMING-16#57 Warning
Large setup violation  
There is a large setup violation of -1.846 ns between DUT/u_bnn_core/FSM_onehot_state_r_reg[0]/C (clocked by clk) and DUT/u_bnn_core/layer1/gen_memory_banks[0].u_weight_bank/mem_reg_bram_0/ADDRARDADDR[14] (clocked by clk). Large setup violations at the end of those stages might be difficult to fix during the post-placement implementation flow and could be the result of non-optimal XDC constraints or non-optimal design architecture
Related violations: <none>

TIMING-16#58 Warning
Large setup violation  
There is a large setup violation of -1.846 ns between DUT/u_bnn_core/FSM_onehot_state_r_reg[0]/C (clocked by clk) and DUT/u_bnn_core/layer1/gen_memory_banks[1].u_weight_bank/mem_reg_bram_0/ADDRARDADDR[14] (clocked by clk). Large setup violations at the end of those stages might be difficult to fix during the post-placement implementation flow and could be the result of non-optimal XDC constraints or non-optimal design architecture
Related violations: <none>

TIMING-16#59 Warning
Large setup violation  
There is a large setup violation of -1.846 ns between DUT/u_bnn_core/FSM_onehot_state_r_reg[0]/C (clocked by clk) and DUT/u_bnn_core/layer1/gen_memory_banks[2].u_weight_bank/mem_reg_bram_0/ADDRARDADDR[14] (clocked by clk). Large setup violations at the end of those stages might be difficult to fix during the post-placement implementation flow and could be the result of non-optimal XDC constraints or non-optimal design architecture
Related violations: <none>

TIMING-16#60 Warning
Large setup violation  
There is a large setup violation of -1.846 ns between DUT/u_bnn_core/FSM_onehot_state_r_reg[0]/C (clocked by clk) and DUT/u_bnn_core/layer1/gen_memory_banks[3].u_weight_bank/mem_reg_bram_0/ADDRARDADDR[14] (clocked by clk). Large setup violations at the end of those stages might be difficult to fix during the post-placement implementation flow and could be the result of non-optimal XDC constraints or non-optimal design architecture
Related violations: <none>

TIMING-16#61 Warning
Large setup violation  
There is a large setup violation of -1.846 ns between DUT/u_bnn_core/FSM_onehot_state_r_reg[0]/C (clocked by clk) and DUT/u_bnn_core/layer1/gen_memory_banks[4].u_weight_bank/mem_reg_bram_0/ADDRARDADDR[14] (clocked by clk). Large setup violations at the end of those stages might be difficult to fix during the post-placement implementation flow and could be the result of non-optimal XDC constraints or non-optimal design architecture
Related violations: <none>

TIMING-16#62 Warning
Large setup violation  
There is a large setup violation of -1.846 ns between DUT/u_bnn_core/FSM_onehot_state_r_reg[0]/C (clocked by clk) and DUT/u_bnn_core/layer1/gen_memory_banks[5].u_weight_bank/mem_reg_bram_0/ADDRARDADDR[14] (clocked by clk). Large setup violations at the end of those stages might be difficult to fix during the post-placement implementation flow and could be the result of non-optimal XDC constraints or non-optimal design architecture
Related violations: <none>

TIMING-16#63 Warning
Large setup violation  
There is a large setup violation of -1.846 ns between DUT/u_bnn_core/FSM_onehot_state_r_reg[0]/C (clocked by clk) and DUT/u_bnn_core/layer1/gen_memory_banks[6].u_weight_bank/mem_reg_bram_0/ADDRARDADDR[14] (clocked by clk). Large setup violations at the end of those stages might be difficult to fix during the post-placement implementation flow and could be the result of non-optimal XDC constraints or non-optimal design architecture
Related violations: <none>

TIMING-16#64 Warning
Large setup violation  
There is a large setup violation of -1.846 ns between DUT/u_bnn_core/FSM_onehot_state_r_reg[0]/C (clocked by clk) and DUT/u_bnn_core/layer1/gen_memory_banks[7].u_weight_bank/mem_reg_bram_0/ADDRARDADDR[14] (clocked by clk). Large setup violations at the end of those stages might be difficult to fix during the post-placement implementation flow and could be the result of non-optimal XDC constraints or non-optimal design architecture
Related violations: <none>

TIMING-16#65 Warning
Large setup violation  
There is a large setup violation of -1.853 ns between DUT/u_bnn_core/FSM_onehot_state_r_reg[0]/C (clocked by clk) and DUT/u_bnn_core/layer1/gen_memory_banks[0].u_weight_bank/mem_reg_bram_0/ADDRARDADDR[11] (clocked by clk). Large setup violations at the end of those stages might be difficult to fix during the post-placement implementation flow and could be the result of non-optimal XDC constraints or non-optimal design architecture
Related violations: <none>

TIMING-16#66 Warning
Large setup violation  
There is a large setup violation of -1.853 ns between DUT/u_bnn_core/FSM_onehot_state_r_reg[0]/C (clocked by clk) and DUT/u_bnn_core/layer1/gen_memory_banks[1].u_weight_bank/mem_reg_bram_0/ADDRARDADDR[11] (clocked by clk). Large setup violations at the end of those stages might be difficult to fix during the post-placement implementation flow and could be the result of non-optimal XDC constraints or non-optimal design architecture
Related violations: <none>

TIMING-16#67 Warning
Large setup violation  
There is a large setup violation of -1.853 ns between DUT/u_bnn_core/FSM_onehot_state_r_reg[0]/C (clocked by clk) and DUT/u_bnn_core/layer1/gen_memory_banks[2].u_weight_bank/mem_reg_bram_0/ADDRARDADDR[11] (clocked by clk). Large setup violations at the end of those stages might be difficult to fix during the post-placement implementation flow and could be the result of non-optimal XDC constraints or non-optimal design architecture
Related violations: <none>

TIMING-16#68 Warning
Large setup violation  
There is a large setup violation of -1.853 ns between DUT/u_bnn_core/FSM_onehot_state_r_reg[0]/C (clocked by clk) and DUT/u_bnn_core/layer1/gen_memory_banks[3].u_weight_bank/mem_reg_bram_0/ADDRARDADDR[11] (clocked by clk). Large setup violations at the end of those stages might be difficult to fix during the post-placement implementation flow and could be the result of non-optimal XDC constraints or non-optimal design architecture
Related violations: <none>

TIMING-16#69 Warning
Large setup violation  
There is a large setup violation of -1.853 ns between DUT/u_bnn_core/FSM_onehot_state_r_reg[0]/C (clocked by clk) and DUT/u_bnn_core/layer1/gen_memory_banks[4].u_weight_bank/mem_reg_bram_0/ADDRARDADDR[11] (clocked by clk). Large setup violations at the end of those stages might be difficult to fix during the post-placement implementation flow and could be the result of non-optimal XDC constraints or non-optimal design architecture
Related violations: <none>

TIMING-16#70 Warning
Large setup violation  
There is a large setup violation of -1.853 ns between DUT/u_bnn_core/FSM_onehot_state_r_reg[0]/C (clocked by clk) and DUT/u_bnn_core/layer1/gen_memory_banks[5].u_weight_bank/mem_reg_bram_0/ADDRARDADDR[11] (clocked by clk). Large setup violations at the end of those stages might be difficult to fix during the post-placement implementation flow and could be the result of non-optimal XDC constraints or non-optimal design architecture
Related violations: <none>

TIMING-16#71 Warning
Large setup violation  
There is a large setup violation of -1.853 ns between DUT/u_bnn_core/FSM_onehot_state_r_reg[0]/C (clocked by clk) and DUT/u_bnn_core/layer1/gen_memory_banks[6].u_weight_bank/mem_reg_bram_0/ADDRARDADDR[11] (clocked by clk). Large setup violations at the end of those stages might be difficult to fix during the post-placement implementation flow and could be the result of non-optimal XDC constraints or non-optimal design architecture
Related violations: <none>

TIMING-16#72 Warning
Large setup violation  
There is a large setup violation of -1.853 ns between DUT/u_bnn_core/FSM_onehot_state_r_reg[0]/C (clocked by clk) and DUT/u_bnn_core/layer1/gen_memory_banks[7].u_weight_bank/mem_reg_bram_0/ADDRARDADDR[11] (clocked by clk). Large setup violations at the end of those stages might be difficult to fix during the post-placement implementation flow and could be the result of non-optimal XDC constraints or non-optimal design architecture
Related violations: <none>

TIMING-16#73 Warning
Large setup violation  
There is a large setup violation of -1.868 ns between DUT/u_bnn_core/FSM_onehot_state_r_reg[0]/C (clocked by clk) and DUT/u_bnn_core/layer1/gen_memory_banks[0].u_weight_bank/mem_reg_bram_0/ADDRARDADDR[3] (clocked by clk). Large setup violations at the end of those stages might be difficult to fix during the post-placement implementation flow and could be the result of non-optimal XDC constraints or non-optimal design architecture
Related violations: <none>

TIMING-16#74 Warning
Large setup violation  
There is a large setup violation of -1.868 ns between DUT/u_bnn_core/FSM_onehot_state_r_reg[0]/C (clocked by clk) and DUT/u_bnn_core/layer1/gen_memory_banks[1].u_weight_bank/mem_reg_bram_0/ADDRARDADDR[3] (clocked by clk). Large setup violations at the end of those stages might be difficult to fix during the post-placement implementation flow and could be the result of non-optimal XDC constraints or non-optimal design architecture
Related violations: <none>

TIMING-16#75 Warning
Large setup violation  
There is a large setup violation of -1.868 ns between DUT/u_bnn_core/FSM_onehot_state_r_reg[0]/C (clocked by clk) and DUT/u_bnn_core/layer1/gen_memory_banks[2].u_weight_bank/mem_reg_bram_0/ADDRARDADDR[3] (clocked by clk). Large setup violations at the end of those stages might be difficult to fix during the post-placement implementation flow and could be the result of non-optimal XDC constraints or non-optimal design architecture
Related violations: <none>

TIMING-16#76 Warning
Large setup violation  
There is a large setup violation of -1.868 ns between DUT/u_bnn_core/FSM_onehot_state_r_reg[0]/C (clocked by clk) and DUT/u_bnn_core/layer1/gen_memory_banks[3].u_weight_bank/mem_reg_bram_0/ADDRARDADDR[3] (clocked by clk). Large setup violations at the end of those stages might be difficult to fix during the post-placement implementation flow and could be the result of non-optimal XDC constraints or non-optimal design architecture
Related violations: <none>

TIMING-16#77 Warning
Large setup violation  
There is a large setup violation of -1.868 ns between DUT/u_bnn_core/FSM_onehot_state_r_reg[0]/C (clocked by clk) and DUT/u_bnn_core/layer1/gen_memory_banks[4].u_weight_bank/mem_reg_bram_0/ADDRARDADDR[3] (clocked by clk). Large setup violations at the end of those stages might be difficult to fix during the post-placement implementation flow and could be the result of non-optimal XDC constraints or non-optimal design architecture
Related violations: <none>

TIMING-16#78 Warning
Large setup violation  
There is a large setup violation of -1.868 ns between DUT/u_bnn_core/FSM_onehot_state_r_reg[0]/C (clocked by clk) and DUT/u_bnn_core/layer1/gen_memory_banks[5].u_weight_bank/mem_reg_bram_0/ADDRARDADDR[3] (clocked by clk). Large setup violations at the end of those stages might be difficult to fix during the post-placement implementation flow and could be the result of non-optimal XDC constraints or non-optimal design architecture
Related violations: <none>

TIMING-16#79 Warning
Large setup violation  
There is a large setup violation of -1.868 ns between DUT/u_bnn_core/FSM_onehot_state_r_reg[0]/C (clocked by clk) and DUT/u_bnn_core/layer1/gen_memory_banks[6].u_weight_bank/mem_reg_bram_0/ADDRARDADDR[3] (clocked by clk). Large setup violations at the end of those stages might be difficult to fix during the post-placement implementation flow and could be the result of non-optimal XDC constraints or non-optimal design architecture
Related violations: <none>

TIMING-16#80 Warning
Large setup violation  
There is a large setup violation of -1.868 ns between DUT/u_bnn_core/FSM_onehot_state_r_reg[0]/C (clocked by clk) and DUT/u_bnn_core/layer1/gen_memory_banks[7].u_weight_bank/mem_reg_bram_0/ADDRARDADDR[3] (clocked by clk). Large setup violations at the end of those stages might be difficult to fix during the post-placement implementation flow and could be the result of non-optimal XDC constraints or non-optimal design architecture
Related violations: <none>

TIMING-16#81 Warning
Large setup violation  
There is a large setup violation of -1.918 ns between DUT/u_bnn_core/FSM_onehot_state_r_reg[0]/C (clocked by clk) and DUT/u_bnn_core/layer1/gen_memory_banks[0].u_weight_bank/mem_reg_bram_0/ADDRARDADDR[5] (clocked by clk). Large setup violations at the end of those stages might be difficult to fix during the post-placement implementation flow and could be the result of non-optimal XDC constraints or non-optimal design architecture
Related violations: <none>

TIMING-16#82 Warning
Large setup violation  
There is a large setup violation of -1.918 ns between DUT/u_bnn_core/FSM_onehot_state_r_reg[0]/C (clocked by clk) and DUT/u_bnn_core/layer1/gen_memory_banks[1].u_weight_bank/mem_reg_bram_0/ADDRARDADDR[5] (clocked by clk). Large setup violations at the end of those stages might be difficult to fix during the post-placement implementation flow and could be the result of non-optimal XDC constraints or non-optimal design architecture
Related violations: <none>

TIMING-16#83 Warning
Large setup violation  
There is a large setup violation of -1.918 ns between DUT/u_bnn_core/FSM_onehot_state_r_reg[0]/C (clocked by clk) and DUT/u_bnn_core/layer1/gen_memory_banks[2].u_weight_bank/mem_reg_bram_0/ADDRARDADDR[5] (clocked by clk). Large setup violations at the end of those stages might be difficult to fix during the post-placement implementation flow and could be the result of non-optimal XDC constraints or non-optimal design architecture
Related violations: <none>

TIMING-16#84 Warning
Large setup violation  
There is a large setup violation of -1.918 ns between DUT/u_bnn_core/FSM_onehot_state_r_reg[0]/C (clocked by clk) and DUT/u_bnn_core/layer1/gen_memory_banks[3].u_weight_bank/mem_reg_bram_0/ADDRARDADDR[5] (clocked by clk). Large setup violations at the end of those stages might be difficult to fix during the post-placement implementation flow and could be the result of non-optimal XDC constraints or non-optimal design architecture
Related violations: <none>

TIMING-16#85 Warning
Large setup violation  
There is a large setup violation of -1.918 ns between DUT/u_bnn_core/FSM_onehot_state_r_reg[0]/C (clocked by clk) and DUT/u_bnn_core/layer1/gen_memory_banks[4].u_weight_bank/mem_reg_bram_0/ADDRARDADDR[5] (clocked by clk). Large setup violations at the end of those stages might be difficult to fix during the post-placement implementation flow and could be the result of non-optimal XDC constraints or non-optimal design architecture
Related violations: <none>

TIMING-16#86 Warning
Large setup violation  
There is a large setup violation of -1.918 ns between DUT/u_bnn_core/FSM_onehot_state_r_reg[0]/C (clocked by clk) and DUT/u_bnn_core/layer1/gen_memory_banks[5].u_weight_bank/mem_reg_bram_0/ADDRARDADDR[5] (clocked by clk). Large setup violations at the end of those stages might be difficult to fix during the post-placement implementation flow and could be the result of non-optimal XDC constraints or non-optimal design architecture
Related violations: <none>

TIMING-16#87 Warning
Large setup violation  
There is a large setup violation of -1.918 ns between DUT/u_bnn_core/FSM_onehot_state_r_reg[0]/C (clocked by clk) and DUT/u_bnn_core/layer1/gen_memory_banks[6].u_weight_bank/mem_reg_bram_0/ADDRARDADDR[5] (clocked by clk). Large setup violations at the end of those stages might be difficult to fix during the post-placement implementation flow and could be the result of non-optimal XDC constraints or non-optimal design architecture
Related violations: <none>

TIMING-16#88 Warning
Large setup violation  
There is a large setup violation of -1.918 ns between DUT/u_bnn_core/FSM_onehot_state_r_reg[0]/C (clocked by clk) and DUT/u_bnn_core/layer1/gen_memory_banks[7].u_weight_bank/mem_reg_bram_0/ADDRARDADDR[5] (clocked by clk). Large setup violations at the end of those stages might be difficult to fix during the post-placement implementation flow and could be the result of non-optimal XDC constraints or non-optimal design architecture
Related violations: <none>

TIMING-16#89 Warning
Large setup violation  
There is a large setup violation of -1.934 ns between DUT/u_bnn_core/FSM_onehot_state_r_reg[0]/C (clocked by clk) and DUT/u_bnn_core/layer1/gen_memory_banks[0].u_weight_bank/mem_reg_bram_0/ADDRARDADDR[4] (clocked by clk). Large setup violations at the end of those stages might be difficult to fix during the post-placement implementation flow and could be the result of non-optimal XDC constraints or non-optimal design architecture
Related violations: <none>

TIMING-16#90 Warning
Large setup violation  
There is a large setup violation of -1.934 ns between DUT/u_bnn_core/FSM_onehot_state_r_reg[0]/C (clocked by clk) and DUT/u_bnn_core/layer1/gen_memory_banks[1].u_weight_bank/mem_reg_bram_0/ADDRARDADDR[4] (clocked by clk). Large setup violations at the end of those stages might be difficult to fix during the post-placement implementation flow and could be the result of non-optimal XDC constraints or non-optimal design architecture
Related violations: <none>

TIMING-16#91 Warning
Large setup violation  
There is a large setup violation of -1.934 ns between DUT/u_bnn_core/FSM_onehot_state_r_reg[0]/C (clocked by clk) and DUT/u_bnn_core/layer1/gen_memory_banks[2].u_weight_bank/mem_reg_bram_0/ADDRARDADDR[4] (clocked by clk). Large setup violations at the end of those stages might be difficult to fix during the post-placement implementation flow and could be the result of non-optimal XDC constraints or non-optimal design architecture
Related violations: <none>

TIMING-16#92 Warning
Large setup violation  
There is a large setup violation of -1.934 ns between DUT/u_bnn_core/FSM_onehot_state_r_reg[0]/C (clocked by clk) and DUT/u_bnn_core/layer1/gen_memory_banks[3].u_weight_bank/mem_reg_bram_0/ADDRARDADDR[4] (clocked by clk). Large setup violations at the end of those stages might be difficult to fix during the post-placement implementation flow and could be the result of non-optimal XDC constraints or non-optimal design architecture
Related violations: <none>

TIMING-16#93 Warning
Large setup violation  
There is a large setup violation of -1.934 ns between DUT/u_bnn_core/FSM_onehot_state_r_reg[0]/C (clocked by clk) and DUT/u_bnn_core/layer1/gen_memory_banks[4].u_weight_bank/mem_reg_bram_0/ADDRARDADDR[4] (clocked by clk). Large setup violations at the end of those stages might be difficult to fix during the post-placement implementation flow and could be the result of non-optimal XDC constraints or non-optimal design architecture
Related violations: <none>

TIMING-16#94 Warning
Large setup violation  
There is a large setup violation of -1.934 ns between DUT/u_bnn_core/FSM_onehot_state_r_reg[0]/C (clocked by clk) and DUT/u_bnn_core/layer1/gen_memory_banks[5].u_weight_bank/mem_reg_bram_0/ADDRARDADDR[4] (clocked by clk). Large setup violations at the end of those stages might be difficult to fix during the post-placement implementation flow and could be the result of non-optimal XDC constraints or non-optimal design architecture
Related violations: <none>

TIMING-16#95 Warning
Large setup violation  
There is a large setup violation of -1.934 ns between DUT/u_bnn_core/FSM_onehot_state_r_reg[0]/C (clocked by clk) and DUT/u_bnn_core/layer1/gen_memory_banks[6].u_weight_bank/mem_reg_bram_0/ADDRARDADDR[4] (clocked by clk). Large setup violations at the end of those stages might be difficult to fix during the post-placement implementation flow and could be the result of non-optimal XDC constraints or non-optimal design architecture
Related violations: <none>

TIMING-16#96 Warning
Large setup violation  
There is a large setup violation of -1.934 ns between DUT/u_bnn_core/FSM_onehot_state_r_reg[0]/C (clocked by clk) and DUT/u_bnn_core/layer1/gen_memory_banks[7].u_weight_bank/mem_reg_bram_0/ADDRARDADDR[4] (clocked by clk). Large setup violations at the end of those stages might be difficult to fix during the post-placement implementation flow and could be the result of non-optimal XDC constraints or non-optimal design architecture
Related violations: <none>

TIMING-16#97 Warning
Large setup violation  
There is a large setup violation of -5.085 ns between DUT/u_bnn_core/l3_popcounts_r_reg[10]/C (clocked by clk) and DUT/data_out_data_r_reg[0]/D (clocked by clk). Large setup violations at the end of those stages might be difficult to fix during the post-placement implementation flow and could be the result of non-optimal XDC constraints or non-optimal design architecture
Related violations: <none>

TIMING-16#98 Warning
Large setup violation  
There is a large setup violation of -5.085 ns between DUT/u_bnn_core/l3_popcounts_r_reg[10]/C (clocked by clk) and DUT/data_out_data_r_reg[2]/D (clocked by clk). Large setup violations at the end of those stages might be difficult to fix during the post-placement implementation flow and could be the result of non-optimal XDC constraints or non-optimal design architecture
Related violations: <none>

TIMING-16#99 Warning
Large setup violation  
There is a large setup violation of -5.085 ns between DUT/u_bnn_core/l3_popcounts_r_reg[10]/C (clocked by clk) and DUT/data_out_data_r_reg[3]/D (clocked by clk). Large setup violations at the end of those stages might be difficult to fix during the post-placement implementation flow and could be the result of non-optimal XDC constraints or non-optimal design architecture
Related violations: <none>

TIMING-16#100 Warning
Large setup violation  
There is a large setup violation of -5.308 ns between DUT/u_bnn_core/l3_popcounts_r_reg[10]/C (clocked by clk) and DUT/data_out_data_r_reg[1]/D (clocked by clk). Large setup violations at the end of those stages might be difficult to fix during the post-placement implementation flow and could be the result of non-optimal XDC constraints or non-optimal design architecture
Related violations: <none>

TIMING-18#1 Warning
Missing input or output delay  
An input delay is missing on config_data[0] relative to clock(s) clk
Related violations: <none>

TIMING-18#2 Warning
Missing input or output delay  
An input delay is missing on config_data[10] relative to clock(s) clk
Related violations: <none>

TIMING-18#3 Warning
Missing input or output delay  
An input delay is missing on config_data[11] relative to clock(s) clk
Related violations: <none>

TIMING-18#4 Warning
Missing input or output delay  
An input delay is missing on config_data[12] relative to clock(s) clk
Related violations: <none>

TIMING-18#5 Warning
Missing input or output delay  
An input delay is missing on config_data[13] relative to clock(s) clk
Related violations: <none>

TIMING-18#6 Warning
Missing input or output delay  
An input delay is missing on config_data[14] relative to clock(s) clk
Related violations: <none>

TIMING-18#7 Warning
Missing input or output delay  
An input delay is missing on config_data[15] relative to clock(s) clk
Related violations: <none>

TIMING-18#8 Warning
Missing input or output delay  
An input delay is missing on config_data[16] relative to clock(s) clk
Related violations: <none>

TIMING-18#9 Warning
Missing input or output delay  
An input delay is missing on config_data[17] relative to clock(s) clk
Related violations: <none>

TIMING-18#10 Warning
Missing input or output delay  
An input delay is missing on config_data[18] relative to clock(s) clk
Related violations: <none>

TIMING-18#11 Warning
Missing input or output delay  
An input delay is missing on config_data[19] relative to clock(s) clk
Related violations: <none>

TIMING-18#12 Warning
Missing input or output delay  
An input delay is missing on config_data[1] relative to clock(s) clk
Related violations: <none>

TIMING-18#13 Warning
Missing input or output delay  
An input delay is missing on config_data[20] relative to clock(s) clk
Related violations: <none>

TIMING-18#14 Warning
Missing input or output delay  
An input delay is missing on config_data[21] relative to clock(s) clk
Related violations: <none>

TIMING-18#15 Warning
Missing input or output delay  
An input delay is missing on config_data[22] relative to clock(s) clk
Related violations: <none>

TIMING-18#16 Warning
Missing input or output delay  
An input delay is missing on config_data[23] relative to clock(s) clk
Related violations: <none>

TIMING-18#17 Warning
Missing input or output delay  
An input delay is missing on config_data[24] relative to clock(s) clk
Related violations: <none>

TIMING-18#18 Warning
Missing input or output delay  
An input delay is missing on config_data[25] relative to clock(s) clk
Related violations: <none>

TIMING-18#19 Warning
Missing input or output delay  
An input delay is missing on config_data[26] relative to clock(s) clk
Related violations: <none>

TIMING-18#20 Warning
Missing input or output delay  
An input delay is missing on config_data[27] relative to clock(s) clk
Related violations: <none>

TIMING-18#21 Warning
Missing input or output delay  
An input delay is missing on config_data[28] relative to clock(s) clk
Related violations: <none>

TIMING-18#22 Warning
Missing input or output delay  
An input delay is missing on config_data[29] relative to clock(s) clk
Related violations: <none>

TIMING-18#23 Warning
Missing input or output delay  
An input delay is missing on config_data[2] relative to clock(s) clk
Related violations: <none>

TIMING-18#24 Warning
Missing input or output delay  
An input delay is missing on config_data[30] relative to clock(s) clk
Related violations: <none>

TIMING-18#25 Warning
Missing input or output delay  
An input delay is missing on config_data[31] relative to clock(s) clk
Related violations: <none>

TIMING-18#26 Warning
Missing input or output delay  
An input delay is missing on config_data[32] relative to clock(s) clk
Related violations: <none>

TIMING-18#27 Warning
Missing input or output delay  
An input delay is missing on config_data[33] relative to clock(s) clk
Related violations: <none>

TIMING-18#28 Warning
Missing input or output delay  
An input delay is missing on config_data[34] relative to clock(s) clk
Related violations: <none>

TIMING-18#29 Warning
Missing input or output delay  
An input delay is missing on config_data[35] relative to clock(s) clk
Related violations: <none>

TIMING-18#30 Warning
Missing input or output delay  
An input delay is missing on config_data[36] relative to clock(s) clk
Related violations: <none>

TIMING-18#31 Warning
Missing input or output delay  
An input delay is missing on config_data[37] relative to clock(s) clk
Related violations: <none>

TIMING-18#32 Warning
Missing input or output delay  
An input delay is missing on config_data[38] relative to clock(s) clk
Related violations: <none>

TIMING-18#33 Warning
Missing input or output delay  
An input delay is missing on config_data[39] relative to clock(s) clk
Related violations: <none>

TIMING-18#34 Warning
Missing input or output delay  
An input delay is missing on config_data[3] relative to clock(s) clk
Related violations: <none>

TIMING-18#35 Warning
Missing input or output delay  
An input delay is missing on config_data[40] relative to clock(s) clk
Related violations: <none>

TIMING-18#36 Warning
Missing input or output delay  
An input delay is missing on config_data[41] relative to clock(s) clk
Related violations: <none>

TIMING-18#37 Warning
Missing input or output delay  
An input delay is missing on config_data[42] relative to clock(s) clk
Related violations: <none>

TIMING-18#38 Warning
Missing input or output delay  
An input delay is missing on config_data[43] relative to clock(s) clk
Related violations: <none>

TIMING-18#39 Warning
Missing input or output delay  
An input delay is missing on config_data[44] relative to clock(s) clk
Related violations: <none>

TIMING-18#40 Warning
Missing input or output delay  
An input delay is missing on config_data[45] relative to clock(s) clk
Related violations: <none>

TIMING-18#41 Warning
Missing input or output delay  
An input delay is missing on config_data[46] relative to clock(s) clk
Related violations: <none>

TIMING-18#42 Warning
Missing input or output delay  
An input delay is missing on config_data[47] relative to clock(s) clk
Related violations: <none>

TIMING-18#43 Warning
Missing input or output delay  
An input delay is missing on config_data[48] relative to clock(s) clk
Related violations: <none>

TIMING-18#44 Warning
Missing input or output delay  
An input delay is missing on config_data[49] relative to clock(s) clk
Related violations: <none>

TIMING-18#45 Warning
Missing input or output delay  
An input delay is missing on config_data[4] relative to clock(s) clk
Related violations: <none>

TIMING-18#46 Warning
Missing input or output delay  
An input delay is missing on config_data[50] relative to clock(s) clk
Related violations: <none>

TIMING-18#47 Warning
Missing input or output delay  
An input delay is missing on config_data[51] relative to clock(s) clk
Related violations: <none>

TIMING-18#48 Warning
Missing input or output delay  
An input delay is missing on config_data[52] relative to clock(s) clk
Related violations: <none>

TIMING-18#49 Warning
Missing input or output delay  
An input delay is missing on config_data[53] relative to clock(s) clk
Related violations: <none>

TIMING-18#50 Warning
Missing input or output delay  
An input delay is missing on config_data[54] relative to clock(s) clk
Related violations: <none>

TIMING-18#51 Warning
Missing input or output delay  
An input delay is missing on config_data[55] relative to clock(s) clk
Related violations: <none>

TIMING-18#52 Warning
Missing input or output delay  
An input delay is missing on config_data[56] relative to clock(s) clk
Related violations: <none>

TIMING-18#53 Warning
Missing input or output delay  
An input delay is missing on config_data[57] relative to clock(s) clk
Related violations: <none>

TIMING-18#54 Warning
Missing input or output delay  
An input delay is missing on config_data[58] relative to clock(s) clk
Related violations: <none>

TIMING-18#55 Warning
Missing input or output delay  
An input delay is missing on config_data[59] relative to clock(s) clk
Related violations: <none>

TIMING-18#56 Warning
Missing input or output delay  
An input delay is missing on config_data[5] relative to clock(s) clk
Related violations: <none>

TIMING-18#57 Warning
Missing input or output delay  
An input delay is missing on config_data[60] relative to clock(s) clk
Related violations: <none>

TIMING-18#58 Warning
Missing input or output delay  
An input delay is missing on config_data[61] relative to clock(s) clk
Related violations: <none>

TIMING-18#59 Warning
Missing input or output delay  
An input delay is missing on config_data[62] relative to clock(s) clk
Related violations: <none>

TIMING-18#60 Warning
Missing input or output delay  
An input delay is missing on config_data[63] relative to clock(s) clk
Related violations: <none>

TIMING-18#61 Warning
Missing input or output delay  
An input delay is missing on config_data[6] relative to clock(s) clk
Related violations: <none>

TIMING-18#62 Warning
Missing input or output delay  
An input delay is missing on config_data[7] relative to clock(s) clk
Related violations: <none>

TIMING-18#63 Warning
Missing input or output delay  
An input delay is missing on config_data[8] relative to clock(s) clk
Related violations: <none>

TIMING-18#64 Warning
Missing input or output delay  
An input delay is missing on config_data[9] relative to clock(s) clk
Related violations: <none>

TIMING-18#65 Warning
Missing input or output delay  
An input delay is missing on config_keep[0] relative to clock(s) clk
Related violations: <none>

TIMING-18#66 Warning
Missing input or output delay  
An input delay is missing on config_keep[1] relative to clock(s) clk
Related violations: <none>

TIMING-18#67 Warning
Missing input or output delay  
An input delay is missing on config_keep[2] relative to clock(s) clk
Related violations: <none>

TIMING-18#68 Warning
Missing input or output delay  
An input delay is missing on config_keep[3] relative to clock(s) clk
Related violations: <none>

TIMING-18#69 Warning
Missing input or output delay  
An input delay is missing on config_keep[4] relative to clock(s) clk
Related violations: <none>

TIMING-18#70 Warning
Missing input or output delay  
An input delay is missing on config_keep[5] relative to clock(s) clk
Related violations: <none>

TIMING-18#71 Warning
Missing input or output delay  
An input delay is missing on config_keep[6] relative to clock(s) clk
Related violations: <none>

TIMING-18#72 Warning
Missing input or output delay  
An input delay is missing on config_keep[7] relative to clock(s) clk
Related violations: <none>

TIMING-18#73 Warning
Missing input or output delay  
An input delay is missing on config_last relative to clock(s) clk
Related violations: <none>

TIMING-18#74 Warning
Missing input or output delay  
An input delay is missing on config_valid relative to clock(s) clk
Related violations: <none>

TIMING-18#75 Warning
Missing input or output delay  
An input delay is missing on data_in_data[0] relative to clock(s) clk
Related violations: <none>

TIMING-18#76 Warning
Missing input or output delay  
An input delay is missing on data_in_data[10] relative to clock(s) clk
Related violations: <none>

TIMING-18#77 Warning
Missing input or output delay  
An input delay is missing on data_in_data[11] relative to clock(s) clk
Related violations: <none>

TIMING-18#78 Warning
Missing input or output delay  
An input delay is missing on data_in_data[12] relative to clock(s) clk
Related violations: <none>

TIMING-18#79 Warning
Missing input or output delay  
An input delay is missing on data_in_data[13] relative to clock(s) clk
Related violations: <none>

TIMING-18#80 Warning
Missing input or output delay  
An input delay is missing on data_in_data[14] relative to clock(s) clk
Related violations: <none>

TIMING-18#81 Warning
Missing input or output delay  
An input delay is missing on data_in_data[15] relative to clock(s) clk
Related violations: <none>

TIMING-18#82 Warning
Missing input or output delay  
An input delay is missing on data_in_data[16] relative to clock(s) clk
Related violations: <none>

TIMING-18#83 Warning
Missing input or output delay  
An input delay is missing on data_in_data[17] relative to clock(s) clk
Related violations: <none>

TIMING-18#84 Warning
Missing input or output delay  
An input delay is missing on data_in_data[18] relative to clock(s) clk
Related violations: <none>

TIMING-18#85 Warning
Missing input or output delay  
An input delay is missing on data_in_data[19] relative to clock(s) clk
Related violations: <none>

TIMING-18#86 Warning
Missing input or output delay  
An input delay is missing on data_in_data[1] relative to clock(s) clk
Related violations: <none>

TIMING-18#87 Warning
Missing input or output delay  
An input delay is missing on data_in_data[20] relative to clock(s) clk
Related violations: <none>

TIMING-18#88 Warning
Missing input or output delay  
An input delay is missing on data_in_data[21] relative to clock(s) clk
Related violations: <none>

TIMING-18#89 Warning
Missing input or output delay  
An input delay is missing on data_in_data[22] relative to clock(s) clk
Related violations: <none>

TIMING-18#90 Warning
Missing input or output delay  
An input delay is missing on data_in_data[23] relative to clock(s) clk
Related violations: <none>

TIMING-18#91 Warning
Missing input or output delay  
An input delay is missing on data_in_data[24] relative to clock(s) clk
Related violations: <none>

TIMING-18#92 Warning
Missing input or output delay  
An input delay is missing on data_in_data[25] relative to clock(s) clk
Related violations: <none>

TIMING-18#93 Warning
Missing input or output delay  
An input delay is missing on data_in_data[26] relative to clock(s) clk
Related violations: <none>

TIMING-18#94 Warning
Missing input or output delay  
An input delay is missing on data_in_data[27] relative to clock(s) clk
Related violations: <none>

TIMING-18#95 Warning
Missing input or output delay  
An input delay is missing on data_in_data[28] relative to clock(s) clk
Related violations: <none>

TIMING-18#96 Warning
Missing input or output delay  
An input delay is missing on data_in_data[29] relative to clock(s) clk
Related violations: <none>

TIMING-18#97 Warning
Missing input or output delay  
An input delay is missing on data_in_data[2] relative to clock(s) clk
Related violations: <none>

TIMING-18#98 Warning
Missing input or output delay  
An input delay is missing on data_in_data[30] relative to clock(s) clk
Related violations: <none>

TIMING-18#99 Warning
Missing input or output delay  
An input delay is missing on data_in_data[31] relative to clock(s) clk
Related violations: <none>

TIMING-18#100 Warning
Missing input or output delay  
An input delay is missing on data_in_data[32] relative to clock(s) clk
Related violations: <none>

TIMING-18#101 Warning
Missing input or output delay  
An input delay is missing on data_in_data[33] relative to clock(s) clk
Related violations: <none>

TIMING-18#102 Warning
Missing input or output delay  
An input delay is missing on data_in_data[34] relative to clock(s) clk
Related violations: <none>

TIMING-18#103 Warning
Missing input or output delay  
An input delay is missing on data_in_data[35] relative to clock(s) clk
Related violations: <none>

TIMING-18#104 Warning
Missing input or output delay  
An input delay is missing on data_in_data[36] relative to clock(s) clk
Related violations: <none>

TIMING-18#105 Warning
Missing input or output delay  
An input delay is missing on data_in_data[37] relative to clock(s) clk
Related violations: <none>

TIMING-18#106 Warning
Missing input or output delay  
An input delay is missing on data_in_data[38] relative to clock(s) clk
Related violations: <none>

TIMING-18#107 Warning
Missing input or output delay  
An input delay is missing on data_in_data[39] relative to clock(s) clk
Related violations: <none>

TIMING-18#108 Warning
Missing input or output delay  
An input delay is missing on data_in_data[3] relative to clock(s) clk
Related violations: <none>

TIMING-18#109 Warning
Missing input or output delay  
An input delay is missing on data_in_data[40] relative to clock(s) clk
Related violations: <none>

TIMING-18#110 Warning
Missing input or output delay  
An input delay is missing on data_in_data[41] relative to clock(s) clk
Related violations: <none>

TIMING-18#111 Warning
Missing input or output delay  
An input delay is missing on data_in_data[42] relative to clock(s) clk
Related violations: <none>

TIMING-18#112 Warning
Missing input or output delay  
An input delay is missing on data_in_data[43] relative to clock(s) clk
Related violations: <none>

TIMING-18#113 Warning
Missing input or output delay  
An input delay is missing on data_in_data[44] relative to clock(s) clk
Related violations: <none>

TIMING-18#114 Warning
Missing input or output delay  
An input delay is missing on data_in_data[45] relative to clock(s) clk
Related violations: <none>

TIMING-18#115 Warning
Missing input or output delay  
An input delay is missing on data_in_data[46] relative to clock(s) clk
Related violations: <none>

TIMING-18#116 Warning
Missing input or output delay  
An input delay is missing on data_in_data[47] relative to clock(s) clk
Related violations: <none>

TIMING-18#117 Warning
Missing input or output delay  
An input delay is missing on data_in_data[48] relative to clock(s) clk
Related violations: <none>

TIMING-18#118 Warning
Missing input or output delay  
An input delay is missing on data_in_data[49] relative to clock(s) clk
Related violations: <none>

TIMING-18#119 Warning
Missing input or output delay  
An input delay is missing on data_in_data[4] relative to clock(s) clk
Related violations: <none>

TIMING-18#120 Warning
Missing input or output delay  
An input delay is missing on data_in_data[50] relative to clock(s) clk
Related violations: <none>

TIMING-18#121 Warning
Missing input or output delay  
An input delay is missing on data_in_data[51] relative to clock(s) clk
Related violations: <none>

TIMING-18#122 Warning
Missing input or output delay  
An input delay is missing on data_in_data[52] relative to clock(s) clk
Related violations: <none>

TIMING-18#123 Warning
Missing input or output delay  
An input delay is missing on data_in_data[53] relative to clock(s) clk
Related violations: <none>

TIMING-18#124 Warning
Missing input or output delay  
An input delay is missing on data_in_data[54] relative to clock(s) clk
Related violations: <none>

TIMING-18#125 Warning
Missing input or output delay  
An input delay is missing on data_in_data[55] relative to clock(s) clk
Related violations: <none>

TIMING-18#126 Warning
Missing input or output delay  
An input delay is missing on data_in_data[56] relative to clock(s) clk
Related violations: <none>

TIMING-18#127 Warning
Missing input or output delay  
An input delay is missing on data_in_data[57] relative to clock(s) clk
Related violations: <none>

TIMING-18#128 Warning
Missing input or output delay  
An input delay is missing on data_in_data[58] relative to clock(s) clk
Related violations: <none>

TIMING-18#129 Warning
Missing input or output delay  
An input delay is missing on data_in_data[59] relative to clock(s) clk
Related violations: <none>

TIMING-18#130 Warning
Missing input or output delay  
An input delay is missing on data_in_data[5] relative to clock(s) clk
Related violations: <none>

TIMING-18#131 Warning
Missing input or output delay  
An input delay is missing on data_in_data[60] relative to clock(s) clk
Related violations: <none>

TIMING-18#132 Warning
Missing input or output delay  
An input delay is missing on data_in_data[61] relative to clock(s) clk
Related violations: <none>

TIMING-18#133 Warning
Missing input or output delay  
An input delay is missing on data_in_data[62] relative to clock(s) clk
Related violations: <none>

TIMING-18#134 Warning
Missing input or output delay  
An input delay is missing on data_in_data[63] relative to clock(s) clk
Related violations: <none>

TIMING-18#135 Warning
Missing input or output delay  
An input delay is missing on data_in_data[6] relative to clock(s) clk
Related violations: <none>

TIMING-18#136 Warning
Missing input or output delay  
An input delay is missing on data_in_data[7] relative to clock(s) clk
Related violations: <none>

TIMING-18#137 Warning
Missing input or output delay  
An input delay is missing on data_in_data[8] relative to clock(s) clk
Related violations: <none>

TIMING-18#138 Warning
Missing input or output delay  
An input delay is missing on data_in_data[9] relative to clock(s) clk
Related violations: <none>

TIMING-18#139 Warning
Missing input or output delay  
An input delay is missing on data_in_last relative to clock(s) clk
Related violations: <none>

TIMING-18#140 Warning
Missing input or output delay  
An input delay is missing on data_in_valid relative to clock(s) clk
Related violations: <none>

TIMING-18#141 Warning
Missing input or output delay  
An input delay is missing on data_out_ready relative to clock(s) clk
Related violations: <none>

TIMING-18#142 Warning
Missing input or output delay  
An input delay is missing on rst relative to clock(s) clk
Related violations: <none>

TIMING-18#143 Warning
Missing input or output delay  
An output delay is missing on config_ready relative to clock(s) clk
Related violations: <none>

TIMING-18#144 Warning
Missing input or output delay  
An output delay is missing on data_in_ready relative to clock(s) clk
Related violations: <none>

TIMING-18#145 Warning
Missing input or output delay  
An output delay is missing on data_out_data[0] relative to clock(s) clk
Related violations: <none>

TIMING-18#146 Warning
Missing input or output delay  
An output delay is missing on data_out_data[1] relative to clock(s) clk
Related violations: <none>

TIMING-18#147 Warning
Missing input or output delay  
An output delay is missing on data_out_data[2] relative to clock(s) clk
Related violations: <none>

TIMING-18#148 Warning
Missing input or output delay  
An output delay is missing on data_out_data[3] relative to clock(s) clk
Related violations: <none>

TIMING-18#149 Warning
Missing input or output delay  
An output delay is missing on data_out_data[4] relative to clock(s) clk
Related violations: <none>

TIMING-18#150 Warning
Missing input or output delay  
An output delay is missing on data_out_data[5] relative to clock(s) clk
Related violations: <none>

TIMING-18#151 Warning
Missing input or output delay  
An output delay is missing on data_out_data[6] relative to clock(s) clk
Related violations: <none>

TIMING-18#152 Warning
Missing input or output delay  
An output delay is missing on data_out_data[7] relative to clock(s) clk
Related violations: <none>

TIMING-18#153 Warning
Missing input or output delay  
An output delay is missing on data_out_keep[0] relative to clock(s) clk
Related violations: <none>

TIMING-18#154 Warning
Missing input or output delay  
An output delay is missing on data_out_last relative to clock(s) clk
Related violations: <none>

TIMING-18#155 Warning
Missing input or output delay  
An output delay is missing on data_out_valid relative to clock(s) clk
Related violations: <none>


