Copyright 1986-2021 Xilinx, Inc. All Rights Reserved.
----------------------------------------------------------------------------------------------
| Tool Version      : Vivado v.2021.2 (lin64) Build 3367213 Tue Oct 19 02:47:39 MDT 2021
| Date              : Sat Apr 18 01:03:36 2026
| Host              : ece-lnx-10 running 64-bit Red Hat Enterprise Linux release 8.10 (Ootpa)
| Command           : report_timing_summary -file ./outputs/post_route_timing_summary.rpt
| Design            : bnn_fcc_timing
| Device            : xcu250-figd2104
| Speed File        : -2L  PRODUCTION 1.27 02-28-2020
| Temperature Grade : E
----------------------------------------------------------------------------------------------

Timing Summary Report

------------------------------------------------------------------------------------------------
| Timer Settings
| --------------
------------------------------------------------------------------------------------------------

  Enable Multi Corner Analysis               :  Yes
  Enable Pessimism Removal                   :  Yes
  Pessimism Removal Resolution               :  Nearest Common Node
  Enable Input Delay Default Clock           :  No
  Enable Preset / Clear Arcs                 :  No
  Disable Flight Delays                      :  No
  Ignore I/O Paths                           :  No
  Timing Early Launch at Borrowing Latches   :  No
  Borrow Time for Max Delay Exceptions       :  Yes
  Merge Timing Exceptions                    :  Yes

  Corner  Analyze    Analyze    
  Name    Max Paths  Min Paths  
  ------  ---------  ---------  
  Slow    Yes        Yes        
  Fast    Yes        Yes        


------------------------------------------------------------------------------------------------
| Report Methodology
| ------------------
------------------------------------------------------------------------------------------------

Rule       Severity  Description                                 Violations  
---------  --------  ------------------------------------------  ----------  
SYNTH-4    Warning   Shallow depth for a dedicated block RAM     8           
SYNTH-6    Warning   Timing of a RAM block might be sub-optimal  24          
TIMING-18  Warning   Missing input or output delay               155         

Note: This report is based on the most recent report_methodology run and may not be up-to-date. Run report_methodology on the current design for the latest report.



check_timing report

Table of Contents
-----------------
1. checking no_clock (0)
2. checking constant_clock (0)
3. checking pulse_width_clock (0)
4. checking unconstrained_internal_endpoints (0)
5. checking no_input_delay (86)
6. checking no_output_delay (9)
7. checking multiple_clock (0)
8. checking generated_clocks (0)
9. checking loops (0)
10. checking partial_input_delay (0)
11. checking partial_output_delay (0)
12. checking latch_loops (0)

1. checking no_clock (0)
------------------------
 There are 0 register/latch pins with no clock.


2. checking constant_clock (0)
------------------------------
 There are 0 register/latch pins with constant_clock.


3. checking pulse_width_clock (0)
---------------------------------
 There are 0 register/latch pins which need pulse_width check


4. checking unconstrained_internal_endpoints (0)
------------------------------------------------
 There are 0 pins that are not constrained for maximum delay.

 There are 0 pins that are not constrained for maximum delay due to constant clock.


5. checking no_input_delay (86)
-------------------------------
 There are 86 input ports with no input delay specified. (HIGH)

 There are 0 input ports with no input delay but user has a false path constraint.


6. checking no_output_delay (9)
-------------------------------
 There are 9 ports with no output delay specified. (HIGH)

 There are 0 ports with no output delay but user has a false path constraint

 There are 0 ports with no output delay but with a timing clock defined on it or propagating through it


7. checking multiple_clock (0)
------------------------------
 There are 0 register/latch pins with multiple clocks.


8. checking generated_clocks (0)
--------------------------------
 There are 0 generated clocks that are not connected to a clock source.


9. checking loops (0)
---------------------
 There are 0 combinational loops in the design.


10. checking partial_input_delay (0)
------------------------------------
 There are 0 input ports with partial input delay specified.


11. checking partial_output_delay (0)
-------------------------------------
 There are 0 ports with partial output delay specified.


12. checking latch_loops (0)
----------------------------
 There are 0 combinational latch loops in the design through latch input



------------------------------------------------------------------------------------------------
| Design Timing Summary
| ---------------------
------------------------------------------------------------------------------------------------

    WNS(ns)      TNS(ns)  TNS Failing Endpoints  TNS Total Endpoints      WHS(ns)      THS(ns)  THS Failing Endpoints  THS Total Endpoints     WPWS(ns)     TPWS(ns)  TPWS Failing Endpoints  TPWS Total Endpoints  
    -------      -------  ---------------------  -------------------      -------      -------  ---------------------  -------------------     --------     --------  ----------------------  --------------------  
     -0.491    -1075.596                   6540                14134        0.011        0.000                      0                14134       -0.569      -38.560                     304                  6943  


Timing constraints are not met.


------------------------------------------------------------------------------------------------
| Clock Summary
| -------------
------------------------------------------------------------------------------------------------

Clock  Waveform(ns)         Period(ns)      Frequency(MHz)
-----  ------------         ----------      --------------
clk    {0.000 0.500}        1.000           1000.000        


------------------------------------------------------------------------------------------------
| Intra Clock Table
| -----------------
------------------------------------------------------------------------------------------------

Clock             WNS(ns)      TNS(ns)  TNS Failing Endpoints  TNS Total Endpoints      WHS(ns)      THS(ns)  THS Failing Endpoints  THS Total Endpoints     WPWS(ns)     TPWS(ns)  TPWS Failing Endpoints  TPWS Total Endpoints  
-----             -------      -------  ---------------------  -------------------      -------      -------  ---------------------  -------------------     --------     --------  ----------------------  --------------------  
clk                -0.491    -1075.596                   6540                14134        0.011        0.000                      0                14134       -0.569      -38.560                     304                  6943  


------------------------------------------------------------------------------------------------
| Inter Clock Table
| -----------------
------------------------------------------------------------------------------------------------

From Clock    To Clock          WNS(ns)      TNS(ns)  TNS Failing Endpoints  TNS Total Endpoints      WHS(ns)      THS(ns)  THS Failing Endpoints  THS Total Endpoints  
----------    --------          -------      -------  ---------------------  -------------------      -------      -------  ---------------------  -------------------  


------------------------------------------------------------------------------------------------
| Other Path Groups Table
| -----------------------
------------------------------------------------------------------------------------------------

Path Group    From Clock    To Clock          WNS(ns)      TNS(ns)  TNS Failing Endpoints  TNS Total Endpoints      WHS(ns)      THS(ns)  THS Failing Endpoints  THS Total Endpoints  
----------    ----------    --------          -------      -------  ---------------------  -------------------      -------      -------  ---------------------  -------------------  


------------------------------------------------------------------------------------------------
| Timing Details
| --------------
------------------------------------------------------------------------------------------------


---------------------------------------------------------------------------------------------------
From Clock:  clk
  To Clock:  clk

Setup :         6540  Failing Endpoints,  Worst Slack       -0.491ns,  Total Violation    -1075.596ns
Hold  :            0  Failing Endpoints,  Worst Slack        0.011ns,  Total Violation        0.000ns
PW    :          304  Failing Endpoints,  Worst Slack       -0.569ns,  Total Violation      -38.560ns
---------------------------------------------------------------------------------------------------


Max Delay Paths
--------------------------------------------------------------------------------------
Slack (VIOLATED) :        -0.491ns  (required time - arrival time)
  Source:                 DUT/u_config_manager/beat_keep_q_reg[7]/C
                            (rising edge-triggered cell FDRE clocked by clk  {rise@0.000ns fall@0.500ns period=1.000ns})
  Destination:            DUT/u_config_manager/hdr_totalbytes_reg[2]/CE
                            (rising edge-triggered cell FDRE clocked by clk  {rise@0.000ns fall@0.500ns period=1.000ns})
  Path Group:             clk
  Path Type:              Setup (Max at Slow Process Corner)
  Requirement:            1.000ns  (clk rise@1.000ns - clk rise@0.000ns)
  Data Path Delay:        1.296ns  (logic 0.492ns (37.963%)  route 0.804ns (62.037%))
  Logic Levels:           4  (LUT4=1 LUT6=3)
  Clock Path Skew:        -0.099ns (DCD - SCD + CPR)
    Destination Clock Delay (DCD):    2.563ns = ( 3.563 - 1.000 ) 
    Source Clock Delay      (SCD):    2.908ns
    Clock Pessimism Removal (CPR):    0.246ns
  Clock Uncertainty:      0.035ns  ((TSJ^2 + TIJ^2)^1/2 + DJ) / 2 + PE
    Total System Jitter     (TSJ):    0.071ns
    Total Input Jitter      (TIJ):    0.000ns
    Discrete Jitter          (DJ):    0.000ns
    Phase Error              (PE):    0.000ns

    Location             Delay type                Incr(ns)  Path(ns)    Netlist Resource(s)
  -------------------------------------------------------------------    -------------------
                         (clock clk rise edge)        0.000     0.000 r  
                                                      0.000     0.000 r  clk (IN)
                         net (fo=6942, unset)         2.908     2.908    DUT/u_config_manager/clk
    SLICE_X166Y424       FDRE                                         r  DUT/u_config_manager/beat_keep_q_reg[7]/C
  -------------------------------------------------------------------    -------------------
    SLICE_X166Y424       FDRE (Prop_GFF_SLICEM_C_Q)
                                                      0.078     2.986 r  DUT/u_config_manager/beat_keep_q_reg[7]/Q
                         net (fo=1, routed)           0.150     3.136    DUT/u_config_manager/beat_keep_q[7]
    SLICE_X166Y423       LUT6 (Prop_C6LUT_SLICEM_I0_O)
                                                      0.123     3.259 r  DUT/u_config_manager/FSM_onehot_state[7]_i_9/O
                         net (fo=4, routed)           0.048     3.307    DUT/u_config_manager/FSM_onehot_state[7]_i_9_n_0
    SLICE_X166Y423       LUT4 (Prop_A6LUT_SLICEM_I3_O)
                                                      0.090     3.397 f  DUT/u_config_manager/FSM_onehot_state[0]_i_2/O
                         net (fo=5, routed)           0.114     3.511    DUT/u_config_manager/FSM_onehot_state[0]_i_2_n_0
    SLICE_X165Y423       LUT6 (Prop_G6LUT_SLICEL_I4_O)
                                                      0.149     3.660 f  DUT/u_config_manager/thresh_byte_cnt[1]_i_3/O
                         net (fo=12, routed)          0.214     3.874    DUT/u_config_manager/thresh_byte_cnt[1]_i_3_n_0
    SLICE_X166Y422       LUT6 (Prop_B6LUT_SLICEM_I0_O)
                                                      0.052     3.926 r  DUT/u_config_manager/hdr_totalbytes[7]_i_1/O
                         net (fo=8, routed)           0.278     4.204    DUT/u_config_manager/hdr_totalbytes_0[0]
    SLICE_X165Y422       FDRE                                         r  DUT/u_config_manager/hdr_totalbytes_reg[2]/CE
  -------------------------------------------------------------------    -------------------

                         (clock clk rise edge)        1.000     1.000 r  
                                                      0.000     1.000 r  clk (IN)
                         net (fo=6942, unset)         2.563     3.563    DUT/u_config_manager/clk
    SLICE_X165Y422       FDRE                                         r  DUT/u_config_manager/hdr_totalbytes_reg[2]/C
                         clock pessimism              0.246     3.809    
                         clock uncertainty           -0.035     3.773    
    SLICE_X165Y422       FDRE (Setup_HFF2_SLICEL_C_CE)
                                                     -0.060     3.713    DUT/u_config_manager/hdr_totalbytes_reg[2]
  -------------------------------------------------------------------
                         required time                          3.713    
                         arrival time                          -4.204    
  -------------------------------------------------------------------
                         slack                                 -0.491    





Min Delay Paths
--------------------------------------------------------------------------------------
Slack (MET) :             0.011ns  (arrival time - required time)
  Source:                 DUT/u_input_binarize/bin_buf_q3_r_reg[169]/C
                            (rising edge-triggered cell FDRE clocked by clk  {rise@0.000ns fall@0.500ns period=1.000ns})
  Destination:            DUT/image_buffer_r_reg[757]/D
                            (rising edge-triggered cell FDRE clocked by clk  {rise@0.000ns fall@0.500ns period=1.000ns})
  Path Group:             clk
  Path Type:              Hold (Min at Slow Process Corner)
  Requirement:            0.000ns  (clk rise@0.000ns - clk rise@0.000ns)
  Data Path Delay:        0.129ns  (logic 0.058ns (44.961%)  route 0.071ns (55.039%))
  Logic Levels:           0  
  Clock Path Skew:        0.056ns (DCD - SCD - CPR)
    Destination Clock Delay (DCD):    2.875ns
    Source Clock Delay      (SCD):    2.536ns
    Clock Pessimism Removal (CPR):    0.283ns

    Location             Delay type                Incr(ns)  Path(ns)    Netlist Resource(s)
  -------------------------------------------------------------------    -------------------
                         (clock clk rise edge)        0.000     0.000 r  
                                                      0.000     0.000 r  clk (IN)
                         net (fo=6942, unset)         2.536     2.536    DUT/u_input_binarize/clk
    SLICE_X169Y457       FDRE                                         r  DUT/u_input_binarize/bin_buf_q3_r_reg[169]/C
  -------------------------------------------------------------------    -------------------
    SLICE_X169Y457       FDRE (Prop_FFF_SLICEL_C_Q)
                                                      0.058     2.594 r  DUT/u_input_binarize/bin_buf_q3_r_reg[169]/Q
                         net (fo=1, routed)           0.071     2.665    DUT/bin_inputs_i[757]
    SLICE_X169Y455       FDRE                                         r  DUT/image_buffer_r_reg[757]/D
  -------------------------------------------------------------------    -------------------

                         (clock clk rise edge)        0.000     0.000 r  
                                                      0.000     0.000 r  clk (IN)
                         net (fo=6942, unset)         2.875     2.875    DUT/clk
    SLICE_X169Y455       FDRE                                         r  DUT/image_buffer_r_reg[757]/C
                         clock pessimism             -0.283     2.592    
    SLICE_X169Y455       FDRE (Hold_GFF2_SLICEL_C_D)
                                                      0.062     2.654    DUT/image_buffer_r_reg[757]
  -------------------------------------------------------------------
                         required time                         -2.654    
                         arrival time                           2.665    
  -------------------------------------------------------------------
                         slack                                  0.011    





Pulse Width Checks
--------------------------------------------------------------------------------------
Clock Name:         clk
Waveform(ns):       { 0.000 0.500 }
Period(ns):         1.000
Sources:            { clk }

Check Type        Corner  Lib Pin             Reference Pin  Required(ns)  Actual(ns)  Slack(ns)  Location       Pin
Min Period        n/a     RAMB36E2/CLKARDCLK  n/a            1.569         1.000       -0.569     RAMB36_X11Y92  DUT/u_bnn_core/layer1/gen_memory_banks[0].u_weight_bank/mem_reg_bram_0/CLKARDCLK
Low Pulse Width   Slow    RAMB36E2/CLKARDCLK  n/a            0.542         0.500       -0.042     RAMB36_X11Y92  DUT/u_bnn_core/layer1/gen_memory_banks[0].u_weight_bank/mem_reg_bram_0/CLKARDCLK
High Pulse Width  Slow    RAMB36E2/CLKARDCLK  n/a            0.542         0.500       -0.042     RAMB36_X11Y92  DUT/u_bnn_core/layer1/gen_memory_banks[0].u_weight_bank/mem_reg_bram_0/CLKARDCLK



