Copyright 1986-2021 Xilinx, Inc. All Rights Reserved.
----------------------------------------------------------------------------------------------
| Tool Version      : Vivado v.2021.2 (lin64) Build 3367213 Tue Oct 19 02:47:39 MDT 2021
| Date              : Mon Apr 13 15:59:59 2026
| Host              : ece-lnx-10 running 64-bit Red Hat Enterprise Linux release 8.10 (Ootpa)
| Command           : report_timing_summary -file ./outputs/post_synth_timing_summary.rpt
| Design            : bnn_fcc_timing
| Device            : xcu250-figd2104
| Speed File        : -2L  PRODUCTION 1.27 02-28-2020
| Temperature Grade : E
----------------------------------------------------------------------------------------------

Timing Summary Report

------------------------------------------------------------------------------------------------
| Timer Settings
| --------------
------------------------------------------------------------------------------------------------

  Enable Multi Corner Analysis               :  Yes
  Enable Pessimism Removal                   :  Yes
  Pessimism Removal Resolution               :  Nearest Common Node
  Enable Input Delay Default Clock           :  No
  Enable Preset / Clear Arcs                 :  No
  Disable Flight Delays                      :  No
  Ignore I/O Paths                           :  No
  Timing Early Launch at Borrowing Latches   :  No
  Borrow Time for Max Delay Exceptions       :  Yes
  Merge Timing Exceptions                    :  Yes

  Corner  Analyze    Analyze    
  Name    Max Paths  Min Paths  
  ------  ---------  ---------  
  Slow    Yes        Yes        
  Fast    Yes        Yes        


------------------------------------------------------------------------------------------------
| Report Methodology
| ------------------
------------------------------------------------------------------------------------------------

Rule       Severity  Description                                  Violations  
---------  --------  -------------------------------------------  ----------  
TIMING-16  Warning   Large setup violation                        1000        
TIMING-18  Warning   Missing input or output delay                162         
ULMTCS-1   Warning   Control Sets use limits recommend reduction  1           

Note: This report is based on the most recent report_methodology run and may not be up-to-date. Run report_methodology on the current design for the latest report.



check_timing report

Table of Contents
-----------------
1. checking no_clock (0)
2. checking constant_clock (0)
3. checking pulse_width_clock (0)
4. checking unconstrained_internal_endpoints (0)
5. checking no_input_delay (93)
6. checking no_output_delay (9)
7. checking multiple_clock (0)
8. checking generated_clocks (0)
9. checking loops (0)
10. checking partial_input_delay (0)
11. checking partial_output_delay (0)
12. checking latch_loops (0)

1. checking no_clock (0)
------------------------
 There are 0 register/latch pins with no clock.


2. checking constant_clock (0)
------------------------------
 There are 0 register/latch pins with constant_clock.


3. checking pulse_width_clock (0)
---------------------------------
 There are 0 register/latch pins which need pulse_width check


4. checking unconstrained_internal_endpoints (0)
------------------------------------------------
 There are 0 pins that are not constrained for maximum delay.

 There are 0 pins that are not constrained for maximum delay due to constant clock.


5. checking no_input_delay (93)
-------------------------------
 There are 93 input ports with no input delay specified. (HIGH)

 There are 0 input ports with no input delay but user has a false path constraint.


6. checking no_output_delay (9)
-------------------------------
 There are 9 ports with no output delay specified. (HIGH)

 There are 0 ports with no output delay but user has a false path constraint

 There are 0 ports with no output delay but with a timing clock defined on it or propagating through it


7. checking multiple_clock (0)
------------------------------
 There are 0 register/latch pins with multiple clocks.


8. checking generated_clocks (0)
--------------------------------
 There are 0 generated clocks that are not connected to a clock source.


9. checking loops (0)
---------------------
 There are 0 combinational loops in the design.


10. checking partial_input_delay (0)
------------------------------------
 There are 0 input ports with partial input delay specified.


11. checking partial_output_delay (0)
-------------------------------------
 There are 0 ports with partial output delay specified.


12. checking latch_loops (0)
----------------------------
 There are 0 combinational latch loops in the design through latch input



------------------------------------------------------------------------------------------------
| Design Timing Summary
| ---------------------
------------------------------------------------------------------------------------------------

    WNS(ns)      TNS(ns)  TNS Failing Endpoints  TNS Total Endpoints      WHS(ns)      THS(ns)  THS Failing Endpoints  THS Total Endpoints     WPWS(ns)     TPWS(ns)  TPWS Failing Endpoints  TPWS Total Endpoints  
    -------      -------  ---------------------  -------------------      -------      -------  ---------------------  -------------------     --------     --------  ----------------------  --------------------  
    -11.517  -526623.188                 277071               561445        0.077        0.000                      0               561445        0.225        0.000                       0                281215  


Timing constraints are not met.


------------------------------------------------------------------------------------------------
| Clock Summary
| -------------
------------------------------------------------------------------------------------------------

Clock  Waveform(ns)         Period(ns)      Frequency(MHz)
-----  ------------         ----------      --------------
clk    {0.000 0.500}        1.000           1000.000        


------------------------------------------------------------------------------------------------
| Intra Clock Table
| -----------------
------------------------------------------------------------------------------------------------

Clock             WNS(ns)      TNS(ns)  TNS Failing Endpoints  TNS Total Endpoints      WHS(ns)      THS(ns)  THS Failing Endpoints  THS Total Endpoints     WPWS(ns)     TPWS(ns)  TPWS Failing Endpoints  TPWS Total Endpoints  
-----             -------      -------  ---------------------  -------------------      -------      -------  ---------------------  -------------------     --------     --------  ----------------------  --------------------  
clk               -11.517  -526623.188                 277071               561445        0.077        0.000                      0               561445        0.225        0.000                       0                281215  


------------------------------------------------------------------------------------------------
| Inter Clock Table
| -----------------
------------------------------------------------------------------------------------------------

From Clock    To Clock          WNS(ns)      TNS(ns)  TNS Failing Endpoints  TNS Total Endpoints      WHS(ns)      THS(ns)  THS Failing Endpoints  THS Total Endpoints  
----------    --------          -------      -------  ---------------------  -------------------      -------      -------  ---------------------  -------------------  


------------------------------------------------------------------------------------------------
| Other Path Groups Table
| -----------------------
------------------------------------------------------------------------------------------------

Path Group    From Clock    To Clock          WNS(ns)      TNS(ns)  TNS Failing Endpoints  TNS Total Endpoints      WHS(ns)      THS(ns)  THS Failing Endpoints  THS Total Endpoints  
----------    ----------    --------          -------      -------  ---------------------  -------------------      -------      -------  ---------------------  -------------------  


------------------------------------------------------------------------------------------------
| Timing Details
| --------------
------------------------------------------------------------------------------------------------


---------------------------------------------------------------------------------------------------
From Clock:  clk
  To Clock:  clk

Setup :       277071  Failing Endpoints,  Worst Slack      -11.517ns,  Total Violation  -526623.160ns
Hold  :            0  Failing Endpoints,  Worst Slack        0.077ns,  Total Violation        0.000ns
PW    :            0  Failing Endpoints,  Worst Slack        0.225ns,  Total Violation        0.000ns
---------------------------------------------------------------------------------------------------


Max Delay Paths
--------------------------------------------------------------------------------------
Slack (VIOLATED) :        -11.517ns  (required time - arrival time)
  Source:                 DUT/pixel_count_r_reg[8]/C
                            (rising edge-triggered cell FDRE clocked by clk  {rise@0.000ns fall@0.500ns period=1.000ns})
  Destination:            DUT/FSM_sequential_run_state_r_reg[0]/CE
                            (rising edge-triggered cell FDRE clocked by clk  {rise@0.000ns fall@0.500ns period=1.000ns})
  Path Group:             clk
  Path Type:              Setup (Max at Slow Process Corner)
  Requirement:            1.000ns  (clk rise@1.000ns - clk rise@0.000ns)
  Data Path Delay:        12.421ns  (logic 2.518ns (20.272%)  route 9.903ns (79.728%))
  Logic Levels:           40  (CARRY8=7 LUT2=9 LUT3=2 LUT4=1 LUT5=6 LUT6=15)
  Clock Uncertainty:      0.035ns  ((TSJ^2 + TIJ^2)^1/2 + DJ) / 2 + PE
    Total System Jitter     (TSJ):    0.071ns
    Total Input Jitter      (TIJ):    0.000ns
    Discrete Jitter          (DJ):    0.000ns
    Phase Error              (PE):    0.000ns

    Location             Delay type                Incr(ns)  Path(ns)    Netlist Resource(s)
  -------------------------------------------------------------------    -------------------
                         (clock clk rise edge)        0.000     0.000 r  
                                                      0.000     0.000 r  clk (IN)
                         net (fo=281214, unset)       0.000     0.000    DUT/clk
                         FDRE                                         r  DUT/pixel_count_r_reg[8]/C
  -------------------------------------------------------------------    -------------------
                         FDRE (Prop_FDRE_C_Q)         0.077     0.077 r  DUT/pixel_count_r_reg[8]/Q
                         net (fo=1302, unplaced)      0.298     0.375    DUT/pixel_count_r_reg_n_0_[8]
                         LUT6 (Prop_LUT6_I0_O)        0.150     0.525 r  DUT/data_in_ready_i_2/O
                         net (fo=50, unplaced)        0.255     0.780    DUT/data_in_ready_i_2_n_0
                         LUT6 (Prop_LUT6_I3_O)        0.038     0.818 f  DUT/pixel_count_r[0]_i_22/O
                         net (fo=104, unplaced)       0.223     1.041    DUT/pixel_count_r[0]_i_22_n_0
                         LUT5 (Prop_LUT5_I3_O)        0.053     1.094 r  DUT/pixel_count_r[0]_i_9/O
                         net (fo=132, unplaced)       0.277     1.371    DUT/pixel_count_r[0]_i_9_n_0
                         LUT6 (Prop_LUT6_I5_O)        0.038     1.409 f  DUT/pixel_count_r[4]_i_35/O
                         net (fo=109, unplaced)       0.272     1.681    DUT/pixel_count_r[4]_i_35_n_0
                         LUT2 (Prop_LUT2_I1_O)        0.038     1.719 r  DUT/pixel_count_r[0]_i_50/O
                         net (fo=1, unplaced)         0.233     1.952    DUT/pixel_count_r[0]_i_50_n_0
                         CARRY8 (Prop_CARRY8_DI[0]_CO[2])
                                                      0.090     2.042 r  DUT/pixel_count_r_reg[0]_i_24/CO[2]
                         net (fo=1205, unplaced)      0.327     2.369    DUT/pixel_count_r_reg[0]_i_24_n_5
                         LUT2 (Prop_LUT2_I1_O)        0.038     2.407 r  DUT/pixel_count_r[0]_i_10/O
                         net (fo=97, unplaced)        0.270     2.677    DUT/pixel_count_r[0]_i_10_n_0
                         LUT6 (Prop_LUT6_I0_O)        0.038     2.715 r  DUT/pixel_count_r[5]_i_7/O
                         net (fo=21, unplaced)        0.235     2.950    DUT/pixel_count_r[5]_i_7_n_0
                         LUT6 (Prop_LUT6_I1_O)        0.038     2.988 f  DUT/pixel_count_r[5]_i_5/O
                         net (fo=585, unplaced)       0.310     3.298    DUT/pixel_count_r[5]_i_5_n_0
                         LUT4 (Prop_LUT4_I3_O)        0.038     3.336 r  DUT/pixel_count_r[0]_i_41/O
                         net (fo=1, unplaced)         0.233     3.569    DUT/pixel_count_r[0]_i_41_n_0
                         CARRY8 (Prop_CARRY8_DI[0]_CO[3])
                                                      0.182     3.751 r  DUT/pixel_count_r_reg[0]_i_19/CO[3]
                         net (fo=1244, unplaced)      0.234     3.985    DUT/pixel_count_r_reg[0]_i_19_n_4
                         LUT2 (Prop_LUT2_I1_O)        0.038     4.023 r  DUT/pixel_count_r[0]_i_7/O
                         net (fo=92, unplaced)        0.269     4.292    DUT/pixel_count_r[0]_i_7_n_0
                         LUT6 (Prop_LUT6_I0_O)        0.038     4.330 r  DUT/pixel_count_r[4]_i_29/O
                         net (fo=18, unplaced)        0.232     4.562    DUT/pixel_count_r[4]_i_29_n_0
                         LUT6 (Prop_LUT6_I4_O)        0.038     4.600 r  DUT/pixel_count_r[6]_i_6/O
                         net (fo=24, unplaced)        0.238     4.838    DUT/pixel_count_r[6]_i_6_n_0
                         LUT5 (Prop_LUT5_I3_O)        0.038     4.876 r  DUT/pixel_count_r[8]_i_9/O
                         net (fo=35, unplaced)        0.247     5.123    DUT/pixel_count_r[8]_i_9_n_0
                         LUT6 (Prop_LUT6_I4_O)        0.038     5.161 f  DUT/pixel_count_r[0]_i_34/O
                         net (fo=1, unplaced)         0.185     5.346    DUT/pixel_count_r[0]_i_34_n_0
                         CARRY8 (Prop_CARRY8_DI[2]_CO[3])
                                                      0.134     5.480 f  DUT/pixel_count_r_reg[0]_i_18/CO[3]
                         net (fo=1054, unplaced)      0.230     5.710    DUT/pixel_count_r_reg[0]_i_18_n_4
                         LUT2 (Prop_LUT2_I1_O)        0.038     5.748 f  DUT/pixel_count_r[0]_i_6/O
                         net (fo=101, unplaced)       0.271     6.019    DUT/pixel_count_r[0]_i_6_n_0
                         LUT6 (Prop_LUT6_I0_O)        0.038     6.057 f  DUT/pixel_count_r[4]_i_26/O
                         net (fo=5, unplaced)         0.203     6.260    DUT/pixel_count_r[4]_i_26_n_0
                         LUT6 (Prop_LUT6_I1_O)        0.038     6.298 f  DUT/pixel_count_r[4]_i_14/O
                         net (fo=22, unplaced)        0.236     6.534    DUT/pixel_count_r[4]_i_14_n_0
                         LUT6 (Prop_LUT6_I5_O)        0.038     6.572 r  DUT/pixel_count_r[8]_i_8/O
                         net (fo=8, unplaced)         0.213     6.785    DUT/pixel_count_r[8]_i_8_n_0
                         LUT6 (Prop_LUT6_I2_O)        0.038     6.823 r  DUT/pixel_buffer_r[6143]_i_24/O
                         net (fo=580, unplaced)       0.310     7.133    DUT/pixel_buffer_r[6143]_i_24_n_0
                         LUT6 (Prop_LUT6_I5_O)        0.038     7.171 f  DUT/pixel_count_r[0]_i_12/O
                         net (fo=1, unplaced)         0.185     7.356    DUT/pixel_count_r[0]_i_12_n_0
                         CARRY8 (Prop_CARRY8_DI[2]_CO[3])
                                                      0.134     7.490 f  DUT/pixel_count_r_reg[0]_i_5/CO[3]
                         net (fo=1164, unplaced)      0.232     7.722    DUT/pixel_count_r_reg[0]_i_5_n_4
                         LUT2 (Prop_LUT2_I1_O)        0.038     7.760 f  DUT/pixel_count_r[0]_i_2/O
                         net (fo=121, unplaced)       0.275     8.035    DUT/pixel_count_r[0]_i_2_n_0
                         LUT6 (Prop_LUT6_I3_O)        0.038     8.073 r  DUT/pixel_count_r[5]_i_3/O
                         net (fo=44, unplaced)        0.252     8.325    DUT/pixel_count_r[5]_i_3_n_0
                         LUT5 (Prop_LUT5_I3_O)        0.038     8.363 r  DUT/pixel_count_r[8]_i_5/O
                         net (fo=1056, unplaced)      0.324     8.687    DUT/pixel_count_r[8]_i_5_n_0
                         LUT2 (Prop_LUT2_I0_O)        0.068     8.755 r  DUT/pixel_count_r[0]_i_25/O
                         net (fo=1, unplaced)         0.242     8.997    DUT/pixel_count_r[0]_i_25_n_0
                         CARRY8 (Prop_CARRY8_DI[2]_CO[3])
                                                      0.134     9.131 r  DUT/pixel_count_r_reg[0]_i_11/CO[3]
                         net (fo=788, unplaced)       0.223     9.354    DUT/pixel_count_r_reg[0]_i_11_n_4
                         LUT2 (Prop_LUT2_I1_O)        0.038     9.392 r  DUT/pixel_count_r[0]_i_4/O
                         net (fo=102, unplaced)       0.271     9.663    DUT/pixel_count_r[0]_i_4_n_0
                         LUT5 (Prop_LUT5_I0_O)        0.038     9.701 r  DUT/pixel_count_r[4]_i_10/O
                         net (fo=2, unplaced)         0.185     9.886    DUT/pixel_count_r[4]_i_10_n_0
                         LUT3 (Prop_LUT3_I2_O)        0.038     9.924 f  DUT/pixel_count_r[4]_i_4/O
                         net (fo=90, unplaced)        0.268    10.192    DUT/pixel_count_r[4]_i_4_n_0
                         LUT5 (Prop_LUT5_I1_O)        0.038    10.230 r  DUT/pixel_count_r[8]_i_4/O
                         net (fo=12, unplaced)        0.222    10.452    DUT/pixel_count_r[8]_i_4_n_0
                         LUT3 (Prop_LUT3_I1_O)        0.038    10.490 f  DUT/pixel_count_r[8]_i_2/O
                         net (fo=836, unplaced)       0.319    10.809    DUT/pixel_count_r[8]_i_2_n_0
                         LUT2 (Prop_LUT2_I0_O)        0.068    10.877 r  DUT/pixel_count_r[4]_i_36/O
                         net (fo=1, unplaced)         0.242    11.119    DUT/pixel_count_r[4]_i_36_n_0
                         CARRY8 (Prop_CARRY8_DI[2]_CO[3])
                                                      0.134    11.253 r  DUT/pixel_count_r_reg[4]_i_15/CO[3]
                         net (fo=2, unplaced)         0.091    11.344    DUT/pixel_count_r_reg[4]_i_15_n_4
                         LUT2 (Prop_LUT2_I1_O)        0.038    11.382 r  DUT/pixel_count_r[4]_i_6/O
                         net (fo=810, unplaced)       0.318    11.700    DUT/pixel_count_r[4]_i_6_n_0
                         LUT5 (Prop_LUT5_I3_O)        0.072    11.772 r  DUT/FSM_sequential_run_state_r[1]_i_8/O
                         net (fo=1, unplaced)         0.218    11.990    DUT/FSM_sequential_run_state_r[1]_i_8_n_0
                         CARRY8 (Prop_CARRY8_DI[1]_CO[5])
                                                      0.158    12.148 r  DUT/FSM_sequential_run_state_r_reg[1]_i_4/CO[5]
                         net (fo=1, unplaced)         0.095    12.243    DUT/u_bnn_core/FSM_sequential_run_state_r_reg[0]_2[0]
                         LUT6 (Prop_LUT6_I4_O)        0.038    12.281 r  DUT/u_bnn_core/FSM_sequential_run_state_r[1]_i_1/O
                         net (fo=2, unplaced)         0.140    12.421    DUT/u_bnn_core_n_3915
                         FDRE                                         r  DUT/FSM_sequential_run_state_r_reg[0]/CE
  -------------------------------------------------------------------    -------------------

                         (clock clk rise edge)        1.000     1.000 r  
                                                      0.000     1.000 r  clk (IN)
                         net (fo=281214, unset)       0.000     1.000    DUT/clk
                         FDRE                                         r  DUT/FSM_sequential_run_state_r_reg[0]/C
                         clock pessimism              0.000     1.000    
                         clock uncertainty           -0.035     0.965    
                         FDRE (Setup_FDRE_C_CE)      -0.061     0.904    DUT/FSM_sequential_run_state_r_reg[0]
  -------------------------------------------------------------------
                         required time                          0.904    
                         arrival time                         -12.421    
  -------------------------------------------------------------------
                         slack                                -11.517    





Min Delay Paths
--------------------------------------------------------------------------------------
Slack (MET) :             0.077ns  (arrival time - required time)
  Source:                 DUT/config_last_seen_r_reg/C
                            (rising edge-triggered cell FDRE clocked by clk  {rise@0.000ns fall@0.500ns period=1.000ns})
  Destination:            DUT/config_done_r_reg/D
                            (rising edge-triggered cell FDRE clocked by clk  {rise@0.000ns fall@0.500ns period=1.000ns})
  Path Group:             clk
  Path Type:              Hold (Min at Fast Process Corner)
  Requirement:            0.000ns  (clk rise@0.000ns - clk rise@0.000ns)
  Data Path Delay:        0.123ns  (logic 0.061ns (49.593%)  route 0.062ns (50.407%))
  Logic Levels:           1  (LUT3=1)

    Location             Delay type                Incr(ns)  Path(ns)    Netlist Resource(s)
  -------------------------------------------------------------------    -------------------
                         (clock clk rise edge)        0.000     0.000 r  
                                                      0.000     0.000 r  clk (IN)
                         net (fo=281214, unset)       0.000     0.000    DUT/clk
                         FDRE                                         r  DUT/config_last_seen_r_reg/C
  -------------------------------------------------------------------    -------------------
                         FDRE (Prop_FDRE_C_Q)         0.038     0.038 r  DUT/config_last_seen_r_reg/Q
                         net (fo=2, unplaced)         0.046     0.084    DUT/u_config_manager/config_last_seen_r
                         LUT3 (Prop_LUT3_I1_O)        0.023     0.107 r  DUT/u_config_manager/config_done_r_i_1/O
                         net (fo=1, unplaced)         0.016     0.123    DUT/u_config_manager_n_24636
                         FDRE                                         r  DUT/config_done_r_reg/D
  -------------------------------------------------------------------    -------------------

                         (clock clk rise edge)        0.000     0.000 r  
                                                      0.000     0.000 r  clk (IN)
                         net (fo=281214, unset)       0.000     0.000    DUT/clk
                         FDRE                                         r  DUT/config_done_r_reg/C
                         clock pessimism              0.000     0.000    
                         FDRE (Hold_FDRE_C_D)         0.046     0.046    DUT/config_done_r_reg
  -------------------------------------------------------------------
                         required time                         -0.046    
                         arrival time                           0.123    
  -------------------------------------------------------------------
                         slack                                  0.077    





Pulse Width Checks
--------------------------------------------------------------------------------------
Clock Name:         clk
Waveform(ns):       { 0.000 0.500 }
Period(ns):         1.000
Sources:            { clk }

Check Type        Corner  Lib Pin  Reference Pin  Required(ns)  Actual(ns)  Slack(ns)  Location  Pin
Min Period        n/a     FDRE/C   n/a            0.550         1.000       0.450                config_data_r_reg[0]/C
Low Pulse Width   Slow    FDRE/C   n/a            0.275         0.500       0.225                config_data_r_reg[0]/C
High Pulse Width  Slow    FDRE/C   n/a            0.275         0.500       0.225                config_data_r_reg[0]/C



